This is LuaTeX, Version 1.0.4 (TeX Live 2017/Debian)  (format=lualatex 2019.4.5)  2 JUN 2019 14:18
 restricted system commands enabled.
**booklet.tex
(./booklet.tex
LaTeX2e <2017-04-15>
Lua module: luaotfload-main 2017/01/29 2.80001 OpenType layout system.
Lua module: lualibs 2017-02-01 2.5 ConTeXt Lua standard libraries.
Lua module: lualibs-extended 2017-02-01 2.5 ConTeXt Lua libraries -- extended co
llection.(using write cache: /home/michaszko/.texlive2017/texmf-var/luatex-cache
/generic)(using read cache: /var/lib/texmf/luatex-cache/generic /home/michaszko/
.texlive2017/texmf-var/luatex-cache/generic)
luaotfload | conf : Root cache directory is /home/michaszko/.texlive2017/texmf-v
ar/luatex-cache/generic/names.
luaotfload | init : Loading fontloader “fontloader-2017-02-11.lua” from kpse
-resolved path “/usr/share/texlive/texmf-dist/tex/luatex/luaotfload/fontloader
-2017-02-11.lua”.
Lua-only attribute luaotfload@state = 1
Lua-only attribute luaotfload@noligature = 2
Lua-only attribute luaotfload@syllabe = 3
luaotfload | init : Context OpenType loader version “3.027”
Inserting `luaotfload.node_processor' at position 1 in `pre_linebreak_filter'.
Inserting `luaotfload.node_processor' at position 1 in `hpack_filter'.
Inserting `luaotfload.define_font' at position 1 in `define_font'.
Lua-only attribute luaotfload_color_attribute = 4
luaotfload | conf : Root cache directory is /home/michaszko/.texlive2017/texmf-v
ar/luatex-cache/generic/names.
Inserting `luaotfload.aux.set_sscale_dimens' at position 1 in `luaotfload.patch_
font'.
Inserting `luaotfload.aux.patch_cambria_domh' at position 2 in `luaotfload.patch
_font'.
Inserting `luaotfload.aux.fixup_fontdata' at position 1 in `luaotfload.patch_fon
t_unsafe'.
Inserting `luaotfload.aux.set_capheight' at position 3 in `luaotfload.patch_font
'.
Inserting `luaotfload.rewrite_fontname' at position 4 in `luaotfload.patch_font'
.
luaotfload | main : initialization completed in 0.117 seconds
Babel <3.18> and hyphenation patterns for 1 language(s) loaded.
(/usr/share/texlive/texmf-dist/tex/latex/base/article.cls
Document Class: article 2014/09/29 v1.4h Standard LaTeX document class
(/usr/share/texlive/texmf-dist/tex/latex/base/size12.clo
File: size12.clo 2014/09/29 v1.4h Standard LaTeX file (size option)
luaotfload | db : Font names database loaded from /home/michaszko/.texlive2017/t
exmf-var/luatex-cache/generic/names/luaotfload-names.luc(load luc: /home/michasz
ko/.texlive2017/texmf-var/luatex-cache/generic/fonts/otl/lmroman12-regular.luc))
\c@part=\count79
\c@section=\count80
\c@subsection=\count81
\c@subsubsection=\count82
\c@paragraph=\count83
\c@subparagraph=\count84
\c@figure=\count85
\c@table=\count86
\abovecaptionskip=\skip41
\belowcaptionskip=\skip42
\bibindent=\dimen102
) (/usr/share/texlive/texmf-dist/tex/latex/geometry/geometry.sty
Package: geometry 2010/09/12 v5.6 Page Geometry

(/usr/share/texlive/texmf-dist/tex/latex/graphics/keyval.sty
Package: keyval 2014/10/28 v1.15 key=value parser (DPC)
\KV@toks@=\toks14
)
(/usr/share/texlive/texmf-dist/tex/generic/oberdiek/ifpdf.sty
Package: ifpdf 2017/03/15 v3.2 Provides the ifpdf switch
)
(/usr/share/texlive/texmf-dist/tex/generic/oberdiek/ifvtex.sty
Package: ifvtex 2016/05/16 v1.6 Detect VTeX and its facilities (HO)
Package ifvtex Info: VTeX not detected.
)
(/usr/share/texlive/texmf-dist/tex/generic/ifxetex/ifxetex.sty
Package: ifxetex 2010/09/12 v0.6 Provides ifxetex conditional
)
\Gm@cnth=\count87
\Gm@cntv=\count88
\c@Gm@tempcnt=\count89
\Gm@bindingoffset=\dimen103
\Gm@wd@mp=\dimen104
\Gm@odd@mp=\dimen105
\Gm@even@mp=\dimen106
\Gm@layoutwidth=\dimen107
\Gm@layoutheight=\dimen108
\Gm@layouthoffset=\dimen109
\Gm@layoutvoffset=\dimen110
\Gm@dimlist=\toks15
)
(/usr/share/texlive/texmf-dist/tex/latex/pdfpages/pdfpages.sty
Package: pdfpages 2017/10/31 v0.5l Insert pages of external PDF documents (AM)

(/usr/share/texlive/texmf-dist/tex/latex/base/ifthen.sty
Package: ifthen 2014/09/29 v1.1c Standard LaTeX ifthen package (DPC)
)
(/usr/share/texlive/texmf-dist/tex/latex/tools/calc.sty
Package: calc 2014/10/28 v4.3 Infix arithmetic (KKT,FJ)
\calc@Acount=\count90
\calc@Bcount=\count91
\calc@Adimen=\dimen111
\calc@Bdimen=\dimen112
\calc@Askip=\skip43
\calc@Bskip=\skip44
LaTeX Info: Redefining \setlength on input line 80.
LaTeX Info: Redefining \addtolength on input line 81.
\calc@Ccount=\count92
\calc@Cskip=\skip45
)
(/usr/share/texlive/texmf-dist/tex/latex/eso-pic/eso-pic.sty
Package: eso-pic 2015/07/21 v2.0g eso-pic (RN)

(/usr/share/texlive/texmf-dist/tex/generic/oberdiek/atbegshi.sty
Package: atbegshi 2016/06/09 v1.18 At begin shipout hook (HO)

(/usr/share/texlive/texmf-dist/tex/generic/oberdiek/infwarerr.sty
Package: infwarerr 2016/05/16 v1.4 Providing info/warning/error messages (HO)
)
(/usr/share/texlive/texmf-dist/tex/generic/oberdiek/ltxcmds.sty
Package: ltxcmds 2016/05/16 v1.23 LaTeX kernel commands for general use (HO)
))
(/usr/share/texlive/texmf-dist/tex/latex/xcolor/xcolor.sty
Package: xcolor 2016/05/11 v2.12 LaTeX color extensions (UK)

(/usr/share/texlive/texmf-dist/tex/latex/graphics-cfg/color.cfg
File: color.cfg 2016/01/02 v1.6 sample color configuration
)
Package xcolor Info: Driver file: luatex.def on input line 225.

(/usr/share/texlive/texmf-dist/tex/latex/graphics-def/luatex.def
File: luatex.def 2018/01/08 v1.0l Graphics/color driver for luatex
)
Package xcolor Info: Model `cmy' substituted by `cmy0' on input line 1348.
Package xcolor Info: Model `hsb' substituted by `rgb' on input line 1352.
Package xcolor Info: Model `RGB' extended on input line 1364.
Package xcolor Info: Model `HTML' substituted by `rgb' on input line 1366.
Package xcolor Info: Model `Hsb' substituted by `hsb' on input line 1367.
Package xcolor Info: Model `tHsb' substituted by `hsb' on input line 1368.
Package xcolor Info: Model `HSB' substituted by `hsb' on input line 1369.
Package xcolor Info: Model `Gray' substituted by `gray' on input line 1370.
Package xcolor Info: Model `wave' substituted by `hsb' on input line 1371.
))
(/usr/share/texlive/texmf-dist/tex/latex/graphics/graphicx.sty
Package: graphicx 2017/06/01 v1.1a Enhanced LaTeX Graphics (DPC,SPQR)

(/usr/share/texlive/texmf-dist/tex/latex/graphics/graphics.sty
Package: graphics 2017/06/25 v1.2c Standard LaTeX Graphics (DPC,SPQR)

(/usr/share/texlive/texmf-dist/tex/latex/graphics/trig.sty
Package: trig 2016/01/03 v1.10 sin cos tan (DPC)
)
(/usr/share/texlive/texmf-dist/tex/latex/graphics-cfg/graphics.cfg
File: graphics.cfg 2016/06/04 v1.11 sample graphics configuration
)
Package graphics Info: Driver file: luatex.def on input line 99.
)
\Gin@req@height=\dimen113
\Gin@req@width=\dimen114
)
\AM@pagewidth=\dimen115
\AM@pageheight=\dimen116

(/usr/share/texlive/texmf-dist/tex/latex/pdfpages/ppluatex.def
File: ppluatex.def 2017/10/31 v0.5l Pdfpages driver for LuaTeX (AM)
)
\AM@pagebox=\box26
\AM@global@opts=\toks16
\AM@toc@title=\toks17
\c@AM@survey=\count93
\AM@templatesizebox=\box27
) (./booklet.aux)
\openout1 = booklet.aux

LaTeX Font Info:    Checking defaults for OML/cmm/m/it on input line 9.
LaTeX Font Info:    ... okay on input line 9.
LaTeX Font Info:    Checking defaults for T1/cmr/m/n on input line 9.
LaTeX Font Info:    ... okay on input line 9.
LaTeX Font Info:    Checking defaults for OT1/cmr/m/n on input line 9.
LaTeX Font Info:    ... okay on input line 9.
LaTeX Font Info:    Checking defaults for OMS/cmsy/m/n on input line 9.
LaTeX Font Info:    ... okay on input line 9.
LaTeX Font Info:    Checking defaults for TU/lmr/m/n on input line 9.
LaTeX Font Info:    ... okay on input line 9.
LaTeX Font Info:    Checking defaults for OMX/cmex/m/n on input line 9.
LaTeX Font Info:    ... okay on input line 9.
LaTeX Font Info:    Checking defaults for U/cmr/m/n on input line 9.
LaTeX Font Info:    ... okay on input line 9.

*geometry* driver: auto-detecting
*geometry* detected driver: pdftex
*geometry* verbose mode - [ preamble ] result:
* driver: pdftex
* paper: a4paper
* layout: <same size as paper>
* layoutoffset:(h,v)=(0.0pt,0.0pt)
* modes: 
* h-part:(L,W,R)=(89.62709pt, 418.25368pt, 89.6271pt)
* v-part:(T,H,B)=(101.40665pt, 591.5302pt, 152.11pt)
* \paperwidth=597.50787pt
* \paperheight=845.04684pt
* \textwidth=418.25368pt
* \textheight=591.5302pt
* \oddsidemargin=17.3571pt
* \evensidemargin=17.3571pt
* \topmargin=-7.86334pt
* \headheight=12.0pt
* \headsep=25.0pt
* \topskip=12.0pt
* \footskip=30.0pt
* \marginparwidth=44.0pt
* \marginparsep=10.0pt
* \columnsep=10.0pt
* \skip\footins=10.8pt plus 4.0pt minus 2.0pt
* \hoffset=0.0pt
* \voffset=0.0pt
* \mag=1000
* \@twocolumnfalse
* \@twosidefalse
* \@mparswitchfalse
* \@reversemarginfalse
* (1in=72.27pt=25.4mm, 1cm=28.453pt)

\AtBeginShipoutBox=\box28
(/usr/share/texlive/texmf-dist/tex/context/base/mkii/supp-pdf.mkii
[Loading MPS to PDF converter (version 2006.09.02).]
\scratchcounter=\count94
\scratchdimen=\dimen117
\scratchbox=\box29
\nofMPsegments=\count95
\nofMParguments=\count96
\everyMPshowfont=\toks18
\MPscratchCnt=\count97
\MPscratchDim=\dimen118
\MPnumerator=\count98
\makeMPintoPDFobject=\count99
\everyMPtoPDFconversion=\toks19
) (/usr/share/texlive/texmf-dist/tex/latex/oberdiek/epstopdf-base.sty
Package: epstopdf-base 2016/05/15 v2.6 Base part for package epstopdf

(/usr/share/texlive/texmf-dist/tex/latex/oberdiek/grfext.sty
Package: grfext 2016/05/16 v1.2 Manage graphics extensions (HO)

(/usr/share/texlive/texmf-dist/tex/generic/oberdiek/kvdefinekeys.sty
Package: kvdefinekeys 2016/05/16 v1.4 Define keys (HO)
))
(/usr/share/texlive/texmf-dist/tex/latex/oberdiek/kvoptions.sty
Package: kvoptions 2016/05/16 v3.12 Key value format for package options (HO)

(/usr/share/texlive/texmf-dist/tex/generic/oberdiek/kvsetkeys.sty
Package: kvsetkeys 2016/05/16 v1.17 Key value parser (HO)

(/usr/share/texlive/texmf-dist/tex/generic/oberdiek/etexcmds.sty
Package: etexcmds 2016/05/16 v1.6 Avoid name clashes with e-TeX commands (HO)

(/usr/share/texlive/texmf-dist/tex/generic/oberdiek/ifluatex.sty
Package: ifluatex 2016/05/16 v1.4 Provides the ifluatex switch (HO)
Package ifluatex Info: LuaTeX detected.
))))
(/usr/share/texlive/texmf-dist/tex/generic/oberdiek/pdftexcmds.sty
Package: pdftexcmds 2018/01/21 v0.26 Utility functions of pdfTeX for LuaTeX (HO)

Package pdftexcmds Info: \pdf@primitive is available.
Package pdftexcmds Info: \pdf@ifprimitive is available.
Package pdftexcmds Info: \pdfdraftmode found.
\pdftexcmds@toks=\toks20
)
Package epstopdf-base Info: Redefining graphics rule for `.eps' on input line 43
8.
Package grfext Info: Graphics extension search list:
(grfext)             [.pdf,.png,.jpg,.mps,.jpeg,.jbig2,.jb2,.PDF,.PNG,.JPG,.JPEG
,.JBIG2,.JB2,.eps]
(grfext)             \AppendGraphicsExtensions on input line 456.

(/usr/share/texlive/texmf-dist/tex/latex/latexconfig/epstopdf-sys.cfg
File: epstopdf-sys.cfg 2010/07/13 v1.3 Configuration of (r)epstopdf for TeX Live

))
(/usr/share/texlive/texmf-dist/tex/latex/oberdiek/pdflscape.sty
Package: pdflscape 2016/05/14 v0.11 Display of landscape pages in PDF (HO)

(/usr/share/texlive/texmf-dist/tex/latex/graphics/lscape.sty
Package: lscape 2000/10/22 v3.01 Landscape Pages (DPC)
)
Package pdflscape Info: Auto-detected driver: pdftex on input line 81.
)
<wigilia.pdf, id=1, 421.10124pt x 597.50829pt>
File: wigilia.pdf Graphic file (type pdf)
<use wigilia.pdf>
Package luatex.def Info: wigilia.pdf  used on input line 11.
(luatex.def)             Requested size: 421.1002pt x 597.50682pt.
File: wigilia.pdf Graphic file (type pdf)
<use wigilia.pdf>
Package luatex.def Info: wigilia.pdf  used on input line 11.
(luatex.def)             Requested size: 421.1002pt x 597.50682pt.
<wigilia.pdf, id=4, page=36, 421.10124pt x 597.50829pt>
File: wigilia.pdf Graphic file (type pdf)
<use wigilia.pdf, page 36>
Package luatex.def Info: wigilia.pdf , page36 used on input line 11.
(luatex.def)             Requested size: 421.1002pt x 597.50682pt.
File: wigilia.pdf Graphic file (type pdf)
<use wigilia.pdf, page 36>
Package luatex.def Info: wigilia.pdf , page36 used on input line 11.
(luatex.def)             Requested size: 421.4536pt x 598.00826pt.
File: wigilia.pdf Graphic file (type pdf)
<use wigilia.pdf, page 36>
Package luatex.def Info: wigilia.pdf , page36 used on input line 11.
(luatex.def)             Requested size: 421.4536pt x 598.00826pt.
File: wigilia.pdf Graphic file (type pdf)
<use wigilia.pdf, page 36>
Package luatex.def Info: wigilia.pdf , page36 used on input line 11.
(luatex.def)             Requested size: 421.4536pt x 598.00826pt.
<wigilia.pdf, id=5, page=1, 421.10124pt x 597.50829pt>
File: wigilia.pdf Graphic file (type pdf)
<use wigilia.pdf, page 1>
Package luatex.def Info: wigilia.pdf , page1 used on input line 11.
(luatex.def)             Requested size: 421.4536pt x 598.00826pt.
File: wigilia.pdf Graphic file (type pdf)
<use wigilia.pdf, page 1>
Package luatex.def Info: wigilia.pdf , page1 used on input line 11.
(luatex.def)             Requested size: 421.4536pt x 598.00826pt.
File: wigilia.pdf Graphic file (type pdf)
<use wigilia.pdf, page 36>
Package luatex.def Info: wigilia.pdf , page36 used on input line 11.
(luatex.def)             Requested size: 421.4536pt x 598.00826pt.
File: wigilia.pdf Graphic file (type pdf)
<use wigilia.pdf, page 1>
Package luatex.def Info: wigilia.pdf , page1 used on input line 11.
(luatex.def)             Requested size: 421.4536pt x 598.00826pt.
 [1

<./wigilia.pdf><./wigilia.pdf>]
<wigilia.pdf, id=32, page=35, 421.10124pt x 597.50829pt>
File: wigilia.pdf Graphic file (type pdf)
<use wigilia.pdf, page 35>
Package luatex.def Info: wigilia.pdf , page35 used on input line 11.
(luatex.def)             Requested size: 421.4536pt x 598.00826pt.
File: wigilia.pdf Graphic file (type pdf)
<use wigilia.pdf, page 35>
Package luatex.def Info: wigilia.pdf , page35 used on input line 11.
(luatex.def)             Requested size: 421.4536pt x 598.00826pt.
<wigilia.pdf, id=33, page=2, 421.10124pt x 597.50829pt>
File: wigilia.pdf Graphic file (type pdf)
<use wigilia.pdf, page 2>
Package luatex.def Info: wigilia.pdf , page2 used on input line 11.
(luatex.def)             Requested size: 421.4536pt x 598.00826pt.
File: wigilia.pdf Graphic file (type pdf)
<use wigilia.pdf, page 2>
Package luatex.def Info: wigilia.pdf , page2 used on input line 11.
(luatex.def)             Requested size: 421.4536pt x 598.00826pt.
File: wigilia.pdf Graphic file (type pdf)
<use wigilia.pdf, page 35>
Package luatex.def Info: wigilia.pdf , page35 used on input line 11.
(luatex.def)             Requested size: 421.4536pt x 598.00826pt.
File: wigilia.pdf Graphic file (type pdf)
<use wigilia.pdf, page 2>
Package luatex.def Info: wigilia.pdf , page2 used on input line 11.
(luatex.def)             Requested size: 421.4536pt x 598.00826pt.
 [2<./wigilia.pdf><./wigilia.pdf>]
<wigilia.pdf, id=53, page=34, 421.10124pt x 597.50829pt>
File: wigilia.pdf Graphic file (type pdf)
<use wigilia.pdf, page 34>
Package luatex.def Info: wigilia.pdf , page34 used on input line 11.
(luatex.def)             Requested size: 421.4536pt x 598.00826pt.
File: wigilia.pdf Graphic file (type pdf)
<use wigilia.pdf, page 34>
Package luatex.def Info: wigilia.pdf , page34 used on input line 11.
(luatex.def)             Requested size: 421.4536pt x 598.00826pt.
<wigilia.pdf, id=54, page=3, 421.10124pt x 597.50829pt>
File: wigilia.pdf Graphic file (type pdf)
<use wigilia.pdf, page 3>
Package luatex.def Info: wigilia.pdf , page3 used on input line 11.
(luatex.def)             Requested size: 421.4536pt x 598.00826pt.
File: wigilia.pdf Graphic file (type pdf)
<use wigilia.pdf, page 3>
Package luatex.def Info: wigilia.pdf , page3 used on input line 11.
(luatex.def)             Requested size: 421.4536pt x 598.00826pt.
File: wigilia.pdf Graphic file (type pdf)
<use wigilia.pdf, page 34>
Package luatex.def Info: wigilia.pdf , page34 used on input line 11.
(luatex.def)             Requested size: 421.4536pt x 598.00826pt.
File: wigilia.pdf Graphic file (type pdf)
<use wigilia.pdf, page 3>
Package luatex.def Info: wigilia.pdf , page3 used on input line 11.
(luatex.def)             Requested size: 421.4536pt x 598.00826pt.
 [3<./wigilia.pdf><./wigilia.pdf>]
<wigilia.pdf, id=75, page=33, 421.10124pt x 597.50829pt>
File: wigilia.pdf Graphic file (type pdf)
<use wigilia.pdf, page 33>
Package luatex.def Info: wigilia.pdf , page33 used on input line 11.
(luatex.def)             Requested size: 421.4536pt x 598.00826pt.
File: wigilia.pdf Graphic file (type pdf)
<use wigilia.pdf, page 33>
Package luatex.def Info: wigilia.pdf , page33 used on input line 11.
(luatex.def)             Requested size: 421.4536pt x 598.00826pt.
<wigilia.pdf, id=76, page=4, 421.10124pt x 597.50829pt>
File: wigilia.pdf Graphic file (type pdf)
<use wigilia.pdf, page 4>
Package luatex.def Info: wigilia.pdf , page4 used on input line 11.
(luatex.def)             Requested size: 421.4536pt x 598.00826pt.
File: wigilia.pdf Graphic file (type pdf)
<use wigilia.pdf, page 4>
Package luatex.def Info: wigilia.pdf , page4 used on input line 11.
(luatex.def)             Requested size: 421.4536pt x 598.00826pt.
File: wigilia.pdf Graphic file (type pdf)
<use wigilia.pdf, page 33>
Package luatex.def Info: wigilia.pdf , page33 used on input line 11.
(luatex.def)             Requested size: 421.4536pt x 598.00826pt.
File: wigilia.pdf Graphic file (type pdf)
<use wigilia.pdf, page 4>
Package luatex.def Info: wigilia.pdf , page4 used on input line 11.
(luatex.def)             Requested size: 421.4536pt x 598.00826pt.
 [4<./wigilia.pdf><./wigilia.pdf>]
<wigilia.pdf, id=82, page=32, 421.10124pt x 597.50829pt>
File: wigilia.pdf Graphic file (type pdf)
<use wigilia.pdf, page 32>
Package luatex.def Info: wigilia.pdf , page32 used on input line 11.
(luatex.def)             Requested size: 421.4536pt x 598.00826pt.
File: wigilia.pdf Graphic file (type pdf)
<use wigilia.pdf, page 32>
Package luatex.def Info: wigilia.pdf , page32 used on input line 11.
(luatex.def)             Requested size: 421.4536pt x 598.00826pt.
<wigilia.pdf, id=83, page=5, 421.10124pt x 597.50829pt>
File: wigilia.pdf Graphic file (type pdf)
<use wigilia.pdf, page 5>
Package luatex.def Info: wigilia.pdf , page5 used on input line 11.
(luatex.def)             Requested size: 421.4536pt x 598.00826pt.
File: wigilia.pdf Graphic file (type pdf)
<use wigilia.pdf, page 5>
Package luatex.def Info: wigilia.pdf , page5 used on input line 11.
(luatex.def)             Requested size: 421.4536pt x 598.00826pt.
File: wigilia.pdf Graphic file (type pdf)
<use wigilia.pdf, page 32>
Package luatex.def Info: wigilia.pdf , page32 used on input line 11.
(luatex.def)             Requested size: 421.4536pt x 598.00826pt.
File: wigilia.pdf Graphic file (type pdf)
<use wigilia.pdf, page 5>
Package luatex.def Info: wigilia.pdf , page5 used on input line 11.
(luatex.def)             Requested size: 421.4536pt x 598.00826pt.
 [5<./wigilia.pdf><./wigilia.pdf>]
<wigilia.pdf, id=90, page=31, 421.10124pt x 597.50829pt>
File: wigilia.pdf Graphic file (type pdf)
<use wigilia.pdf, page 31>
Package luatex.def Info: wigilia.pdf , page31 used on input line 11.
(luatex.def)             Requested size: 421.4536pt x 598.00826pt.
File: wigilia.pdf Graphic file (type pdf)
<use wigilia.pdf, page 31>
Package luatex.def Info: wigilia.pdf , page31 used on input line 11.
(luatex.def)             Requested size: 421.4536pt x 598.00826pt.
<wigilia.pdf, id=91, page=6, 421.10124pt x 597.50829pt>
File: wigilia.pdf Graphic file (type pdf)
<use wigilia.pdf, page 6>
Package luatex.def Info: wigilia.pdf , page6 used on input line 11.
(luatex.def)             Requested size: 421.4536pt x 598.00826pt.
File: wigilia.pdf Graphic file (type pdf)
<use wigilia.pdf, page 6>
Package luatex.def Info: wigilia.pdf , page6 used on input line 11.
(luatex.def)             Requested size: 421.4536pt x 598.00826pt.
File: wigilia.pdf Graphic file (type pdf)
<use wigilia.pdf, page 31>
Package luatex.def Info: wigilia.pdf , page31 used on input line 11.
(luatex.def)             Requested size: 421.4536pt x 598.00826pt.
File: wigilia.pdf Graphic file (type pdf)
<use wigilia.pdf, page 6>
Package luatex.def Info: wigilia.pdf , page6 used on input line 11.
(luatex.def)             Requested size: 421.4536pt x 598.00826pt.

[6<./wigilia.pdf><./wigilia.pdf>]
<wigilia.pdf, id=97, page=30, 421.10124pt x 597.50829pt>
File: wigilia.pdf Graphic file (type pdf)
<use wigilia.pdf, page 30>
Package luatex.def Info: wigilia.pdf , page30 used on input line 11.
(luatex.def)             Requested size: 421.4536pt x 598.00826pt.
File: wigilia.pdf Graphic file (type pdf)
<use wigilia.pdf, page 30>
Package luatex.def Info: wigilia.pdf , page30 used on input line 11.
(luatex.def)             Requested size: 421.4536pt x 598.00826pt.
<wigilia.pdf, id=98, page=7, 421.10124pt x 597.50829pt>
File: wigilia.pdf Graphic file (type pdf)
<use wigilia.pdf, page 7>
Package luatex.def Info: wigilia.pdf , page7 used on input line 11.
(luatex.def)             Requested size: 421.4536pt x 598.00826pt.
File: wigilia.pdf Graphic file (type pdf)
<use wigilia.pdf, page 7>
Package luatex.def Info: wigilia.pdf , page7 used on input line 11.
(luatex.def)             Requested size: 421.4536pt x 598.00826pt.
File: wigilia.pdf Graphic file (type pdf)
<use wigilia.pdf, page 30>
Package luatex.def Info: wigilia.pdf , page30 used on input line 11.
(luatex.def)             Requested size: 421.4536pt x 598.00826pt.
File: wigilia.pdf Graphic file (type pdf)
<use wigilia.pdf, page 7>
Package luatex.def Info: wigilia.pdf , page7 used on input line 11.
(luatex.def)             Requested size: 421.4536pt x 598.00826pt.
 [7<./wigilia.pdf><./wigilia.pdf>]
<wigilia.pdf, id=104, page=29, 421.10124pt x 597.50829pt>
File: wigilia.pdf Graphic file (type pdf)
<use wigilia.pdf, page 29>
Package luatex.def Info: wigilia.pdf , page29 used on input line 11.
(luatex.def)             Requested size: 421.4536pt x 598.00826pt.
File: wigilia.pdf Graphic file (type pdf)
<use wigilia.pdf, page 29>
Package luatex.def Info: wigilia.pdf , page29 used on input line 11.
(luatex.def)             Requested size: 421.4536pt x 598.00826pt.
<wigilia.pdf, id=105, page=8, 421.10124pt x 597.50829pt>
File: wigilia.pdf Graphic file (type pdf)
<use wigilia.pdf, page 8>
Package luatex.def Info: wigilia.pdf , page8 used on input line 11.
(luatex.def)             Requested size: 421.4536pt x 598.00826pt.
File: wigilia.pdf Graphic file (type pdf)
<use wigilia.pdf, page 8>
Package luatex.def Info: wigilia.pdf , page8 used on input line 11.
(luatex.def)             Requested size: 421.4536pt x 598.00826pt.
File: wigilia.pdf Graphic file (type pdf)
<use wigilia.pdf, page 29>
Package luatex.def Info: wigilia.pdf , page29 used on input line 11.
(luatex.def)             Requested size: 421.4536pt x 598.00826pt.
File: wigilia.pdf Graphic file (type pdf)
<use wigilia.pdf, page 8>
Package luatex.def Info: wigilia.pdf , page8 used on input line 11.
(luatex.def)             Requested size: 421.4536pt x 598.00826pt.
 [8<./wigilia.pdf><./wigilia.pdf>]
<wigilia.pdf, id=111, page=28, 421.10124pt x 597.50829pt>
File: wigilia.pdf Graphic file (type pdf)
<use wigilia.pdf, page 28>
Package luatex.def Info: wigilia.pdf , page28 used on input line 11.
(luatex.def)             Requested size: 421.4536pt x 598.00826pt.
File: wigilia.pdf Graphic file (type pdf)
<use wigilia.pdf, page 28>
Package luatex.def Info: wigilia.pdf , page28 used on input line 11.
(luatex.def)             Requested size: 421.4536pt x 598.00826pt.
<wigilia.pdf, id=112, page=9, 421.10124pt x 597.50829pt>
File: wigilia.pdf Graphic file (type pdf)
<use wigilia.pdf, page 9>
Package luatex.def Info: wigilia.pdf , page9 used on input line 11.
(luatex.def)             Requested size: 421.4536pt x 598.00826pt.
File: wigilia.pdf Graphic file (type pdf)
<use wigilia.pdf, page 9>
Package luatex.def Info: wigilia.pdf , page9 used on input line 11.
(luatex.def)             Requested size: 421.4536pt x 598.00826pt.
File: wigilia.pdf Graphic file (type pdf)
<use wigilia.pdf, page 28>
Package luatex.def Info: wigilia.pdf , page28 used on input line 11.
(luatex.def)             Requested size: 421.4536pt x 598.00826pt.
File: wigilia.pdf Graphic file (type pdf)
<use wigilia.pdf, page 9>
Package luatex.def Info: wigilia.pdf , page9 used on input line 11.
(luatex.def)             Requested size: 421.4536pt x 598.00826pt.
 [9<./wigilia.pdf><./wigilia.pdf>]
<wigilia.pdf, id=118, page=27, 421.10124pt x 597.50829pt>
File: wigilia.pdf Graphic file (type pdf)
<use wigilia.pdf, page 27>
Package luatex.def Info: wigilia.pdf , page27 used on input line 11.
(luatex.def)             Requested size: 421.4536pt x 598.00826pt.
File: wigilia.pdf Graphic file (type pdf)
<use wigilia.pdf, page 27>
Package luatex.def Info: wigilia.pdf , page27 used on input line 11.
(luatex.def)             Requested size: 421.4536pt x 598.00826pt.
<wigilia.pdf, id=119, page=10, 421.10124pt x 597.50829pt>
File: wigilia.pdf Graphic file (type pdf)
<use wigilia.pdf, page 10>
Package luatex.def Info: wigilia.pdf , page10 used on input line 11.
(luatex.def)             Requested size: 421.4536pt x 598.00826pt.
File: wigilia.pdf Graphic file (type pdf)
<use wigilia.pdf, page 10>
Package luatex.def Info: wigilia.pdf , page10 used on input line 11.
(luatex.def)             Requested size: 421.4536pt x 598.00826pt.
File: wigilia.pdf Graphic file (type pdf)
<use wigilia.pdf, page 27>
Package luatex.def Info: wigilia.pdf , page27 used on input line 11.
(luatex.def)             Requested size: 421.4536pt x 598.00826pt.
File: wigilia.pdf Graphic file (type pdf)
<use wigilia.pdf, page 10>
Package luatex.def Info: wigilia.pdf , page10 used on input line 11.
(luatex.def)             Requested size: 421.4536pt x 598.00826pt.
 [10<./wigilia.pdf><./wigilia.pdf>]
<wigilia.pdf, id=125, page=26, 421.10124pt x 597.50829pt>
File: wigilia.pdf Graphic file (type pdf)
<use wigilia.pdf, page 26>
Package luatex.def Info: wigilia.pdf , page26 used on input line 11.
(luatex.def)             Requested size: 421.4536pt x 598.00826pt.
File: wigilia.pdf Graphic file (type pdf)
<use wigilia.pdf, page 26>
Package luatex.def Info: wigilia.pdf , page26 used on input line 11.
(luatex.def)             Requested size: 421.4536pt x 598.00826pt.
<wigilia.pdf, id=126, page=11, 421.10124pt x 597.50829pt>
File: wigilia.pdf Graphic file (type pdf)
<use wigilia.pdf, page 11>
Package luatex.def Info: wigilia.pdf , page11 used on input line 11.
(luatex.def)             Requested size: 421.4536pt x 598.00826pt.
File: wigilia.pdf Graphic file (type pdf)
<use wigilia.pdf, page 11>
Package luatex.def Info: wigilia.pdf , page11 used on input line 11.
(luatex.def)             Requested size: 421.4536pt x 598.00826pt.
File: wigilia.pdf Graphic file (type pdf)
<use wigilia.pdf, page 26>
Package luatex.def Info: wigilia.pdf , page26 used on input line 11.
(luatex.def)             Requested size: 421.4536pt x 598.00826pt.
File: wigilia.pdf Graphic file (type pdf)
<use wigilia.pdf, page 11>
Package luatex.def Info: wigilia.pdf , page11 used on input line 11.
(luatex.def)             Requested size: 421.4536pt x 598.00826pt.
 [11<./wigilia.pdf><./wigilia.pdf>]
<wigilia.pdf, id=133, page=25, 421.10124pt x 597.50829pt>
File: wigilia.pdf Graphic file (type pdf)
<use wigilia.pdf, page 25>
Package luatex.def Info: wigilia.pdf , page25 used on input line 11.
(luatex.def)             Requested size: 421.4536pt x 598.00826pt.
File: wigilia.pdf Graphic file (type pdf)
<use wigilia.pdf, page 25>
Package luatex.def Info: wigilia.pdf , page25 used on input line 11.
(luatex.def)             Requested size: 421.4536pt x 598.00826pt.
<wigilia.pdf, id=134, page=12, 421.10124pt x 597.50829pt>
File: wigilia.pdf Graphic file (type pdf)
<use wigilia.pdf, page 12>
Package luatex.def Info: wigilia.pdf , page12 used on input line 11.
(luatex.def)             Requested size: 421.4536pt x 598.00826pt.
File: wigilia.pdf Graphic file (type pdf)
<use wigilia.pdf, page 12>
Package luatex.def Info: wigilia.pdf , page12 used on input line 11.
(luatex.def)             Requested size: 421.4536pt x 598.00826pt.
File: wigilia.pdf Graphic file (type pdf)
<use wigilia.pdf, page 25>
Package luatex.def Info: wigilia.pdf , page25 used on input line 11.
(luatex.def)             Requested size: 421.4536pt x 598.00826pt.
File: wigilia.pdf Graphic file (type pdf)
<use wigilia.pdf, page 12>
Package luatex.def Info: wigilia.pdf , page12 used on input line 11.
(luatex.def)             Requested size: 421.4536pt x 598.00826pt.
 [12<./wigilia.pdf><./wigilia.pdf>]
<wigilia.pdf, id=141, page=24, 421.10124pt x 597.50829pt>
File: wigilia.pdf Graphic file (type pdf)
<use wigilia.pdf, page 24>
Package luatex.def Info: wigilia.pdf , page24 used on input line 11.
(luatex.def)             Requested size: 421.4536pt x 598.00826pt.
File: wigilia.pdf Graphic file (type pdf)
<use wigilia.pdf, page 24>
Package luatex.def Info: wigilia.pdf , page24 used on input line 11.
(luatex.def)             Requested size: 421.4536pt x 598.00826pt.
<wigilia.pdf, id=142, page=13, 421.10124pt x 597.50829pt>
File: wigilia.pdf Graphic file (type pdf)
<use wigilia.pdf, page 13>
Package luatex.def Info: wigilia.pdf , page13 used on input line 11.
(luatex.def)             Requested size: 421.4536pt x 598.00826pt.
File: wigilia.pdf Graphic file (type pdf)
<use wigilia.pdf, page 13>
Package luatex.def Info: wigilia.pdf , page13 used on input line 11.
(luatex.def)             Requested size: 421.4536pt x 598.00826pt.
File: wigilia.pdf Graphic file (type pdf)
<use wigilia.pdf, page 24>
Package luatex.def Info: wigilia.pdf , page24 used on input line 11.
(luatex.def)             Requested size: 421.4536pt x 598.00826pt.
File: wigilia.pdf Graphic file (type pdf)
<use wigilia.pdf, page 13>
Package luatex.def Info: wigilia.pdf , page13 used on input line 11.
(luatex.def)             Requested size: 421.4536pt x 598.00826pt.
 [13<./wigilia.pdf><./wigilia.pdf>]
<wigilia.pdf, id=148, page=23, 421.10124pt x 597.50829pt>
File: wigilia.pdf Graphic file (type pdf)
<use wigilia.pdf, page 23>
Package luatex.def Info: wigilia.pdf , page23 used on input line 11.
(luatex.def)             Requested size: 421.4536pt x 598.00826pt.
File: wigilia.pdf Graphic file (type pdf)
<use wigilia.pdf, page 23>
Package luatex.def Info: wigilia.pdf , page23 used on input line 11.
(luatex.def)             Requested size: 421.4536pt x 598.00826pt.
<wigilia.pdf, id=149, page=14, 421.10124pt x 597.50829pt>
File: wigilia.pdf Graphic file (type pdf)
<use wigilia.pdf, page 14>
Package luatex.def Info: wigilia.pdf , page14 used on input line 11.
(luatex.def)             Requested size: 421.4536pt x 598.00826pt.
File: wigilia.pdf Graphic file (type pdf)
<use wigilia.pdf, page 14>
Package luatex.def Info: wigilia.pdf , page14 used on input line 11.
(luatex.def)             Requested size: 421.4536pt x 598.00826pt.
File: wigilia.pdf Graphic file (type pdf)
<use wigilia.pdf, page 23>
Package luatex.def Info: wigilia.pdf , page23 used on input line 11.
(luatex.def)             Requested size: 421.4536pt x 598.00826pt.
File: wigilia.pdf Graphic file (type pdf)
<use wigilia.pdf, page 14>
Package luatex.def Info: wigilia.pdf , page14 used on input line 11.
(luatex.def)             Requested size: 421.4536pt x 598.00826pt.
 [14<./wigilia.pdf><./wigilia.pdf>]
<wigilia.pdf, id=159, page=22, 421.10124pt x 597.50829pt>
File: wigilia.pdf Graphic file (type pdf)
<use wigilia.pdf, page 22>
Package luatex.def Info: wigilia.pdf , page22 used on input line 11.
(luatex.def)             Requested size: 421.4536pt x 598.00826pt.
File: wigilia.pdf Graphic file (type pdf)
<use wigilia.pdf, page 22>
Package luatex.def Info: wigilia.pdf , page22 used on input line 11.
(luatex.def)             Requested size: 421.4536pt x 598.00826pt.
<wigilia.pdf, id=160, page=15, 421.10124pt x 597.50829pt>
File: wigilia.pdf Graphic file (type pdf)
<use wigilia.pdf, page 15>
Package luatex.def Info: wigilia.pdf , page15 used on input line 11.
(luatex.def)             Requested size: 421.4536pt x 598.00826pt.
File: wigilia.pdf Graphic file (type pdf)
<use wigilia.pdf, page 15>
Package luatex.def Info: wigilia.pdf , page15 used on input line 11.
(luatex.def)             Requested size: 421.4536pt x 598.00826pt.
File: wigilia.pdf Graphic file (type pdf)
<use wigilia.pdf, page 22>
Package luatex.def Info: wigilia.pdf , page22 used on input line 11.
(luatex.def)             Requested size: 421.4536pt x 598.00826pt.
File: wigilia.pdf Graphic file (type pdf)
<use wigilia.pdf, page 15>
Package luatex.def Info: wigilia.pdf , page15 used on input line 11.
(luatex.def)             Requested size: 421.4536pt x 598.00826pt.

[15<./wigilia.pdf><./wigilia.pdf>]
<wigilia.pdf, id=173, page=21, 421.10124pt x 597.50829pt>
File: wigilia.pdf Graphic file (type pdf)
<use wigilia.pdf, page 21>
Package luatex.def Info: wigilia.pdf , page21 used on input line 11.
(luatex.def)             Requested size: 421.4536pt x 598.00826pt.
File: wigilia.pdf Graphic file (type pdf)
<use wigilia.pdf, page 21>
Package luatex.def Info: wigilia.pdf , page21 used on input line 11.
(luatex.def)             Requested size: 421.4536pt x 598.00826pt.
<wigilia.pdf, id=174, page=16, 421.10124pt x 597.50829pt>
File: wigilia.pdf Graphic file (type pdf)
<use wigilia.pdf, page 16>
Package luatex.def Info: wigilia.pdf , page16 used on input line 11.
(luatex.def)             Requested size: 421.4536pt x 598.00826pt.
File: wigilia.pdf Graphic file (type pdf)
<use wigilia.pdf, page 16>
Package luatex.def Info: wigilia.pdf , page16 used on input line 11.
(luatex.def)             Requested size: 421.4536pt x 598.00826pt.
File: wigilia.pdf Graphic file (type pdf)
<use wigilia.pdf, page 21>
Package luatex.def Info: wigilia.pdf , page21 used on input line 11.
(luatex.def)             Requested size: 421.4536pt x 598.00826pt.
File: wigilia.pdf Graphic file (type pdf)
<use wigilia.pdf, page 16>
Package luatex.def Info: wigilia.pdf , page16 used on input line 11.
(luatex.def)             Requested size: 421.4536pt x 598.00826pt.
 [16<./wigilia.pdf><./wigilia.pdf>]
<wigilia.pdf, id=180, page=20, 421.10124pt x 597.50829pt>
File: wigilia.pdf Graphic file (type pdf)
<use wigilia.pdf, page 20>
Package luatex.def Info: wigilia.pdf , page20 used on input line 11.
(luatex.def)             Requested size: 421.4536pt x 598.00826pt.
File: wigilia.pdf Graphic file (type pdf)
<use wigilia.pdf, page 20>
Package luatex.def Info: wigilia.pdf , page20 used on input line 11.
(luatex.def)             Requested size: 421.4536pt x 598.00826pt.
<wigilia.pdf, id=181, page=17, 421.10124pt x 597.50829pt>
File: wigilia.pdf Graphic file (type pdf)
<use wigilia.pdf, page 17>
Package luatex.def Info: wigilia.pdf , page17 used on input line 11.
(luatex.def)             Requested size: 421.4536pt x 598.00826pt.
File: wigilia.pdf Graphic file (type pdf)
<use wigilia.pdf, page 17>
Package luatex.def Info: wigilia.pdf , page17 used on input line 11.
(luatex.def)             Requested size: 421.4536pt x 598.00826pt.
File: wigilia.pdf Graphic file (type pdf)
<use wigilia.pdf, page 20>
Package luatex.def Info: wigilia.pdf , page20 used on input line 11.
(luatex.def)             Requested size: 421.4536pt x 598.00826pt.
File: wigilia.pdf Graphic file (type pdf)
<use wigilia.pdf, page 17>
Package luatex.def Info: wigilia.pdf , page17 used on input line 11.
(luatex.def)             Requested size: 421.4536pt x 598.00826pt.
 [17<./wigilia.pdf><./wigilia.pdf>]
<wigilia.pdf, id=192, page=19, 421.10124pt x 597.50829pt>
File: wigilia.pdf Graphic file (type pdf)
<use wigilia.pdf, page 19>
Package luatex.def Info: wigilia.pdf , page19 used on input line 11.
(luatex.def)             Requested size: 421.4536pt x 598.00826pt.
File: wigilia.pdf Graphic file (type pdf)
<use wigilia.pdf, page 19>
Package luatex.def Info: wigilia.pdf , page19 used on input line 11.
(luatex.def)             Requested size: 421.4536pt x 598.00826pt.
<wigilia.pdf, id=193, page=18, 421.10124pt x 597.50829pt>
File: wigilia.pdf Graphic file (type pdf)
<use wigilia.pdf, page 18>
Package luatex.def Info: wigilia.pdf , page18 used on input line 11.
(luatex.def)             Requested size: 421.4536pt x 598.00826pt.
File: wigilia.pdf Graphic file (type pdf)
<use wigilia.pdf, page 18>
Package luatex.def Info: wigilia.pdf , page18 used on input line 11.
(luatex.def)             Requested size: 421.4536pt x 598.00826pt.
File: wigilia.pdf Graphic file (type pdf)
<use wigilia.pdf, page 19>
Package luatex.def Info: wigilia.pdf , page19 used on input line 11.
(luatex.def)             Requested size: 421.4536pt x 598.00826pt.
File: wigilia.pdf Graphic file (type pdf)
<use wigilia.pdf, page 18>
Package luatex.def Info: wigilia.pdf , page18 used on input line 11.
(luatex.def)             Requested size: 421.4536pt x 598.00826pt.
 [18<./wigilia.pdf><./wigilia.pdf>] (./booklet.aux))

Here is how much of LuaTeX's memory you used:
 3921 strings out of 494480
 100000,154059 words of node,token memory allocated
 358 words of node memory still in use:
   2 hlist, 1 vlist, 1 rule, 2 glue, 3 attribute, 46 glue_spec, 3 attribute_list
, 1 write nodes
   avail lists: 1:1,2:122,3:45,4:6,5:45,6:4,7:45,8:5,9:145
 7450 multiletter control sequences out of 65536+600000
 15 fonts using 723367 bytes
 42i,20n,49p,258b,519s stack positions out of 5000i,500n,10000p,200000b,100000s
Output written on booklet.pdf (18 pages, 675000 bytes).

PDF statistics: 202 PDF objects out of 1000 (max. 8388607)
 114 compressed objects within 2 object streams
 0 named destinations out of 1000 (max. 131072)
 1 words of extra memory for PDF output out of 10000 (max. 100000000)

