This is LuaTeX, Version 1.0.4 (TeX Live 2017/Debian)  (format=lualatex 2019.4.5)  18 MAY 2019 13:24
 restricted system commands enabled.
**chapter4.tex
(./chapter4.tex
LaTeX2e <2017-04-15>
Lua module: luaotfload-main 2017/01/29 2.80001 OpenType layout system.
Lua module: lualibs 2017-02-01 2.5 ConTeXt Lua standard libraries.
Lua module: lualibs-extended 2017-02-01 2.5 ConTeXt Lua libraries -- extended co
llection.(using write cache: /home/michaszko/.texlive2017/texmf-var/luatex-cache
/generic)(using read cache: /var/lib/texmf/luatex-cache/generic /home/michaszko/
.texlive2017/texmf-var/luatex-cache/generic)
luaotfload | conf : Root cache directory is /home/michaszko/.texlive2017/texmf-v
ar/luatex-cache/generic/names.
luaotfload | init : Loading fontloader “fontloader-2017-02-11.lua” from kpse
-resolved path “/usr/share/texlive/texmf-dist/tex/luatex/luaotfload/fontloader
-2017-02-11.lua”.
Lua-only attribute luaotfload@state = 1
Lua-only attribute luaotfload@noligature = 2
Lua-only attribute luaotfload@syllabe = 3
luaotfload | init : Context OpenType loader version “3.027”
Inserting `luaotfload.node_processor' at position 1 in `pre_linebreak_filter'.
Inserting `luaotfload.node_processor' at position 1 in `hpack_filter'.
Inserting `luaotfload.define_font' at position 1 in `define_font'.
Lua-only attribute luaotfload_color_attribute = 4
luaotfload | conf : Root cache directory is /home/michaszko/.texlive2017/texmf-v
ar/luatex-cache/generic/names.
Inserting `luaotfload.aux.set_sscale_dimens' at position 1 in `luaotfload.patch_
font'.
Inserting `luaotfload.aux.patch_cambria_domh' at position 2 in `luaotfload.patch
_font'.
Inserting `luaotfload.aux.fixup_fontdata' at position 1 in `luaotfload.patch_fon
t_unsafe'.
Inserting `luaotfload.aux.set_capheight' at position 3 in `luaotfload.patch_font
'.
Inserting `luaotfload.rewrite_fontname' at position 4 in `luaotfload.patch_font'
.
luaotfload | main : initialization completed in 0.127 seconds
Babel <3.18> and hyphenation patterns for 1 language(s) loaded.
! Undefined control sequence.
l.1 \section
          {Liturgia chrzcielna}
The control sequence at the end of the top line
of your error message was never \def'ed. If you have
misspelled it (e.g., `\hobx'), type `I' and the correct
spelling (e.g., `I\hbox'). Otherwise just continue,
and I'll forget about whatever was undefined.


! LaTeX Error: Missing \begin{document}.

See the LaTeX manual or LaTeX Companion for explanation.
Type  H <return>  for immediate help.
 ...                                              
                                                  
l.1 \section{L
            iturgia chrzcielna}
You're in trouble here.  Try typing  <return>  to proceed.
If that doesn't work, type  X <return>  to quit.


Overfull \hbox (20.0pt too wide) in paragraph at lines 1--2
[]Liturgia
 []


! LaTeX Error: Missing \begin{document}.

See the LaTeX manual or LaTeX Companion for explanation.
Type  H <return>  for immediate help.
 ...                                              
                                                  
l.3 	\begin{itemize}
                  
You're in trouble here.  Try typing  <return>  to proceed.
If that doesn't work, type  X <return>  to quit.


Overfull \hbox (20.0pt too wide) in paragraph at lines 3--3
[] 
 []

LaTeX Font Info:    Try loading font information for OT1+lmr on input line 6.
(/usr/share/texmf/tex/latex/lm/ot1lmr.fd
File: ot1lmr.fd 2009/10/30 v1.6 Font defs for Latin Modern
)
LaTeX Font Info:    Try loading font information for +lmr on input line 6.
LaTeX Font Info:    No file lmr.fd. on input line 6.
LaTeX Font Info:    Try loading font information for +cmr on input line 6.
LaTeX Font Info:    No file cmr.fd. on input line 6.


LaTeX Font Warning: Font shape `/lmr/m/n' undefined
(Font)              using `/cmr/m/n' instead on input line 6.


LaTeX Font Warning: Font shape `/cmr/m/n' undefined
(Font)              using `/cmr/m/n' instead on input line 6.

! Corrupted NFSS tables.
wrong@fontshape ...message {Corrupted NFSS tables}
                                                  error@fontshape else let f...
l.6 				\item \aa
               1 odpala od paschału akolitki
This error message was generated by an \errmessage
command, so I can't give any explicit help.
Pretend that you're Hercule Poirot: Examine all clues,
and deduce the truth by order and method.


LaTeX Font Warning: Font shape `/cmr/m/n' undefined
(Font)              using `OT1/cmr/m/n' instead on input line 6.


LaTeX Font Warning: Font shape `/lmr/m/n' undefined
(Font)              using `/cmr/m/n' instead on input line 6.


Overfull \hbox (12.50002pt too wide) in paragraph at lines 6--7
\OT1/lmr/m/n/10 \/cmr/m/n/10 a\nullfont 1
 []

! Undefined control sequence.
<recently read> \ii 
    
l.7 				\item \ii
                wraz z \cc klęka po stronie lekcji na pierwszym stopniu
The control sequence at the end of the top line
of your error message was never \def'ed. If you have
misspelled it (e.g., `\hobx'), type `I' and the correct
spelling (e.g., `I\hbox'). Otherwise just continue,
and I'll forget about whatever was undefined.

! Undefined control sequence.
l.7 				\item \ii wraz z \cc
                           klęka po stronie lekcji na pierwszym stopniu
The control sequence at the end of the top line
of your error message was never \def'ed. If you have
misspelled it (e.g., `\hobx'), type `I' and the correct
spelling (e.g., `I\hbox'). Otherwise just continue,
and I'll forget about whatever was undefined.

! Undefined control sequence.
<recently read> \ding 
      
l.8 				\item \ding
                 {63} idzie po krzyż procesyjny
The control sequence at the end of the top line
of your error message was never \def'ed. If you have
misspelled it (e.g., `\hobx'), type `I' and the correct
spelling (e.g., `I\hbox'). Otherwise just continue,
and I'll forget about whatever was undefined.

! Undefined control sequence.
l.10 		\item gdy \ii
                   uklęknie kantorzy zaczynają śpiew \textit{Litanii do W...
The control sequence at the end of the top line
of your error message was never \def'ed. If you have
misspelled it (e.g., `\hobx'), type `I' and the correct
spelling (e.g., `I\hbox'). Otherwise just continue,
and I'll forget about whatever was undefined.

luaotfload | db : Font names database loaded from /home/michaszko/.texlive2017/t
exmf-var/luatex-cache/generic/names/luaotfload-names.luc(load luc: /home/michasz
ko/.texlive2017/texmf-var/luatex-cache/generic/fonts/otl/lmroman10-italic.luc)
Overfull \hbox (29.53003pt too wide) in paragraph at lines 10--11
\TU/lmr/m/it/10 Litanii
 []


Overfull \hbox (10.22pt too wide) in paragraph at lines 10--11
\TU/lmr/m/it/10 do
 []


Overfull \hbox (30.7pt too wide) in paragraph at lines 10--11
\TU/lmr/m/it/10 Wszys-
 []


Overfull \hbox (6.90001pt too wide) in paragraph at lines 10--11
\TU/lmr/m/it/10 t-
 []


Overfull \hbox (17.38002pt too wide) in paragraph at lines 10--11
\TU/lmr/m/it/10 kich
 []


Overfull \hbox (23.51001pt too wide) in paragraph at lines 10--11
\TU/lmr/m/it/10 Świę-
 []


Overfull \hbox (18.33002pt too wide) in paragraph at lines 10--11
\TU/lmr/m/it/10 tych 
 []

! Undefined control sequence.
<recently read> \mm 
    
l.13 				\item \mm
                1 z \textbf{zapalonym} paschałem
The control sequence at the end of the top line
of your error message was never \def'ed. If you have
misspelled it (e.g., `\hobx'), type `I' and the correct
spelling (e.g., `I\hbox'). Otherwise just continue,
and I'll forget about whatever was undefined.

(load luc: /home/michaszko/.texlive2017/texmf-var/luatex-cache/generic/fonts/otl
/lmroman10-bold.luc)
Overfull \hbox (14.53pt too wide) in paragraph at lines 13--14
\TU/lmr/bx/n/10 za-
 []


Overfull \hbox (42.64pt too wide) in paragraph at lines 13--14
\TU/lmr/bx/n/10 palonym
 []

! Undefined control sequence.
<recently read> \ding 
      
l.14 				\item \ding
                  {63} w towarzystwie \aa
The control sequence at the end of the top line
of your error message was never \def'ed. If you have
misspelled it (e.g., `\hobx'), type `I' and the correct
spelling (e.g., `I\hbox'). Otherwise just continue,
and I'll forget about whatever was undefined.


Overfull \hbox (5.00002pt too wide) in paragraph at lines 14--15
[]\/lmr/m/n/10 a 
 []


Overfull \hbox (29.38pt too wide) in paragraph at lines 17--18
\TU/lmr/m/it/10 Sancta
 []


Overfull \hbox (25.95001pt too wide) in paragraph at lines 17--18
\TU/lmr/m/it/10 Trini-
 []


Overfull \hbox (12.52pt too wide) in paragraph at lines 17--18
\TU/lmr/m/it/10 tas
 []


Overfull \hbox (22.50998pt too wide) in paragraph at lines 17--18
\TU/lmr/m/it/10 Unus
 []


Overfull \hbox (24.68001pt too wide) in paragraph at lines 17--18
\TU/lmr/m/it/10 Deus:
 []


Overfull \hbox (18.92pt too wide) in paragraph at lines 17--18
\TU/lmr/m/it/10 mis-
 []


Overfull \hbox (21.22003pt too wide) in paragraph at lines 17--18
\TU/lmr/m/it/10 erere
 []


Overfull \hbox (14.31pt too wide) in paragraph at lines 17--18
\TU/lmr/m/it/10 no-
 []


Overfull \hbox (12.06001pt too wide) in paragraph at lines 17--18
\TU/lmr/m/it/10 bis 
 []


Overfull \hbox (12.27pt too wide) in paragraph at lines 19--20
\TU/lmr/m/it/10 Si-
 []


Overfull \hbox (13.29001pt too wide) in paragraph at lines 19--20
\TU/lmr/m/it/10 cut
 []


Overfull \hbox (30.04001pt too wide) in paragraph at lines 19--20
\TU/lmr/m/it/10 Cervus
 []


Overfull \hbox (19.43pt too wide) in paragraph at lines 22--23
\TU/lmr/m/it/10 Om-
 []


Overfull \hbox (36.03001pt too wide) in paragraph at lines 22--23
\TU/lmr/m/it/10 nipotens
 []


Overfull \hbox (20.45pt too wide) in paragraph at lines 22--23
\TU/lmr/m/it/10 sem-
 []


Overfull \hbox (30.54002pt too wide) in paragraph at lines 22--23
\TU/lmr/m/it/10 piterne
 []


Overfull \hbox (24.68001pt too wide) in paragraph at lines 22--23
\TU/lmr/m/it/10 Deus,
 []


Overfull \hbox (29.55003pt too wide) in paragraph at lines 22--23
\TU/lmr/m/it/10 respice 
 []


Overfull \hbox (23.78pt too wide) in paragraph at lines 27--28
(np.\TU/lmr/m/it/10 Przez
 []


Overfull \hbox (26.71pt too wide) in paragraph at lines 27--28
\TU/lmr/m/it/10 chrztu
 []


Overfull \hbox (35.52003pt too wide) in paragraph at lines 27--28
\TU/lmr/m/it/10 świętego
 []


Overfull \hbox (24.54002pt too wide) in paragraph at lines 27--28
\TU/lmr/m/it/10 wielki
 []


Overfull \hbox (15.31pt too wide) in paragraph at lines 27--28
\TU/lmr/m/it/10 dar\nullfont ) 
 []

! Undefined control sequence.
<recently read> \cc 
    
l.29 		\item \cc
              1 podaje \ii~ oleje
The control sequence at the end of the top line
of your error message was never \def'ed. If you have
misspelled it (e.g., `\hobx'), type `I' and the correct
spelling (e.g., `I\hbox'). Otherwise just continue,
and I'll forget about whatever was undefined.

! Undefined control sequence.
l.29 		\item \cc1 podaje \ii
                          ~ oleje
The control sequence at the end of the top line
of your error message was never \def'ed. If you have
misspelled it (e.g., `\hobx'), type `I' and the correct
spelling (e.g., `I\hbox'). Otherwise just continue,
and I'll forget about whatever was undefined.

! Undefined control sequence.
<recently read> \cc 
    
l.30 		\item \cc
              2 po nabraniu wody do kociołka i do garnka ucieka z pola widz...
The control sequence at the end of the top line
of your error message was never \def'ed. If you have
misspelled it (e.g., `\hobx'), type `I' and the correct
spelling (e.g., `I\hbox'). Otherwise just continue,
and I'll forget about whatever was undefined.

! Undefined control sequence.
l.31 		\item Po okadzeniu wody chrzcielnej \tt
                                            ~ też od razu ucieka bokiem i i...
The control sequence at the end of the top line
of your error message was never \def'ed. If you have
misspelled it (e.g., `\hobx'), type `I' and the correct
spelling (e.g., `I\hbox'). Otherwise just continue,
and I'll forget about whatever was undefined.

! Undefined control sequence.
l.31 ... od razu ucieka bokiem i idzie pomagać \cc
                                                  2
The control sequence at the end of the top line
of your error message was never \def'ed. If you have
misspelled it (e.g., `\hobx'), type `I' and the correct
spelling (e.g., `I\hbox'). Otherwise just continue,
and I'll forget about whatever was undefined.

)
! Emergency stop.
<*> chapter4.tex
             
*** (job aborted, no legal \end found)



Here is how much of LuaTeX's memory you used:
 76 strings out of 494480
 100000,89155 words of node,token memory allocated 14237 words of node memory still in use:
   139 hlist, 10 disc, 26 local_par, 1 dir, 527 glue, 16 kern, 103 penalty, 1301
 glyph, 148 attribute, 35 glue_spec, 148 attribute_list nodes
   avail lists: 1:1,2:3,4:49,5:11,7:23,8:1,10:48
 4303 multiletter control sequences out of 65536+600000
 18 fonts using 1000527 bytes
 22i,1n,16p,356b,226s stack positions out of 5000i,500n,10000p,200000b,100000s
!  ==> Fatal error occurred, no output PDF file produced!
