This is LuaTeX, Version 1.0.4 (TeX Live 2017/Debian)  (format=lualatex 2019.4.5)  18 MAY 2019 13:34
 restricted system commands enabled.
**chapter5.tex
(./chapter5.tex
LaTeX2e <2017-04-15>
Lua module: luaotfload-main 2017/01/29 2.80001 OpenType layout system.
Lua module: lualibs 2017-02-01 2.5 ConTeXt Lua standard libraries.
Lua module: lualibs-extended 2017-02-01 2.5 ConTeXt Lua libraries -- extended co
llection.(using write cache: /home/michaszko/.texlive2017/texmf-var/luatex-cache
/generic)(using read cache: /var/lib/texmf/luatex-cache/generic /home/michaszko/
.texlive2017/texmf-var/luatex-cache/generic)
luaotfload | conf : Root cache directory is /home/michaszko/.texlive2017/texmf-v
ar/luatex-cache/generic/names.
luaotfload | init : Loading fontloader “fontloader-2017-02-11.lua” from kpse
-resolved path “/usr/share/texlive/texmf-dist/tex/luatex/luaotfload/fontloader
-2017-02-11.lua”.
Lua-only attribute luaotfload@state = 1
Lua-only attribute luaotfload@noligature = 2
Lua-only attribute luaotfload@syllabe = 3
luaotfload | init : Context OpenType loader version “3.027”
Inserting `luaotfload.node_processor' at position 1 in `pre_linebreak_filter'.
Inserting `luaotfload.node_processor' at position 1 in `hpack_filter'.
Inserting `luaotfload.define_font' at position 1 in `define_font'.
Lua-only attribute luaotfload_color_attribute = 4
luaotfload | conf : Root cache directory is /home/michaszko/.texlive2017/texmf-v
ar/luatex-cache/generic/names.
Inserting `luaotfload.aux.set_sscale_dimens' at position 1 in `luaotfload.patch_
font'.
Inserting `luaotfload.aux.patch_cambria_domh' at position 2 in `luaotfload.patch
_font'.
Inserting `luaotfload.aux.fixup_fontdata' at position 1 in `luaotfload.patch_fon
t_unsafe'.
Inserting `luaotfload.aux.set_capheight' at position 3 in `luaotfload.patch_font
'.
Inserting `luaotfload.rewrite_fontname' at position 4 in `luaotfload.patch_font'
.
luaotfload | main : initialization completed in 0.126 seconds
Babel <3.18> and hyphenation patterns for 1 language(s) loaded.
! Undefined control sequence.
l.1 \section
          {Msza Św. i procesja do Bożego Grobu}
The control sequence at the end of the top line
of your error message was never \def'ed. If you have
misspelled it (e.g., `\hobx'), type `I' and the correct
spelling (e.g., `I\hbox'). Otherwise just continue,
and I'll forget about whatever was undefined.


! LaTeX Error: Missing \begin{document}.

See the LaTeX manual or LaTeX Companion for explanation.
Type  H <return>  for immediate help.
 ...                                              
                                                  
l.1 \section{M
            sza Św. i procesja do Bożego Grobu}
You're in trouble here.  Try typing  <return>  to proceed.
If that doesn't work, type  X <return>  to quit.


Overfull \hbox (20.0pt too wide) in paragraph at lines 1--2
[]Msza
 []


! LaTeX Error: Missing \begin{document}.

See the LaTeX manual or LaTeX Companion for explanation.
Type  H <return>  for immediate help.
 ...                                              
                                                  
l.3 	\begin{itemize}
                  
You're in trouble here.  Try typing  <return>  to proceed.
If that doesn't work, type  X <return>  to quit.


Overfull \hbox (20.0pt too wide) in paragraph at lines 3--3
[] 
 []

LaTeX Font Info:    Try loading font information for OT1+lmr on input line 7.
(/usr/share/texmf/tex/latex/lm/ot1lmr.fd
File: ot1lmr.fd 2009/10/30 v1.6 Font defs for Latin Modern
)
LaTeX Font Info:    Try loading font information for +lmr on input line 7.
LaTeX Font Info:    No file lmr.fd. on input line 7.
LaTeX Font Info:    Try loading font information for +cmr on input line 7.
LaTeX Font Info:    No file cmr.fd. on input line 7.


LaTeX Font Warning: Font shape `/lmr/m/n' undefined
(Font)              using `/cmr/m/n' instead on input line 7.


LaTeX Font Warning: Font shape `/cmr/m/n' undefined
(Font)              using `/cmr/m/n' instead on input line 7.

! Corrupted NFSS tables.
wrong@fontshape ...message {Corrupted NFSS tables}
                                                  error@fontshape else let f...
l.7 		\item \aa
             1 niech ma	na uwadze, że nie musi Mszału zabierać z Ołtarza...
This error message was generated by an \errmessage
command, so I can't give any explicit help.
Pretend that you're Hercule Poirot: Examine all clues,
and deduce the truth by order and method.


LaTeX Font Warning: Font shape `/cmr/m/n' undefined
(Font)              using `OT1/cmr/m/n' instead on input line 7.


LaTeX Font Warning: Font shape `/lmr/m/n' undefined
(Font)              using `/cmr/m/n' instead on input line 7.


Overfull \hbox (12.50002pt too wide) in paragraph at lines 7--8
\OT1/lmr/m/n/10 \/cmr/m/n/10 a\nullfont 1
 []

! Undefined control sequence.
<recently read> \cc 
    
l.8 		\item \cc
             2 posługuje przy Ołtarzu; teraz on jest ważniejszy
The control sequence at the end of the top line
of your error message was never \def'ed. If you have
misspelled it (e.g., `\hobx'), type `I' and the correct
spelling (e.g., `I\hbox'). Otherwise just continue,
and I'll forget about whatever was undefined.

luaotfload | db : Font names database loaded from /home/michaszko/.texlive2017/t
exmf-var/luatex-cache/generic/names/luaotfload-names.luc(load luc: /home/michasz
ko/.texlive2017/texmf-var/luatex-cache/generic/fonts/otl/lmroman10-italic.luc)
! Undefined control sequence.
l.9 ...onkami; w tym czasie w sygnaturkę uderza \tt
                                                  ~ i \cc1
The control sequence at the end of the top line
of your error message was never \def'ed. If you have
misspelled it (e.g., `\hobx'), type `I' and the correct
spelling (e.g., `I\hbox'). Otherwise just continue,
and I'll forget about whatever was undefined.

! Undefined control sequence.
l.9 ... w tym czasie w sygnaturkę uderza \tt~ i \cc
                                                  1
The control sequence at the end of the top line
of your error message was never \def'ed. If you have
misspelled it (e.g., `\hobx'), type `I' and the correct
spelling (e.g., `I\hbox'). Otherwise just continue,
and I'll forget about whatever was undefined.


Overfull \hbox (5.00002pt too wide) in paragraph at lines 9--18
[]\/lmr/m/n/10 a\nullfont !na
 []


Overfull \hbox (18.99pt too wide) in paragraph at lines 9--18
\TU/lmr/m/it/10 Glo-
 []


Overfull \hbox (12.40001pt too wide) in paragraph at lines 9--18
\TU/lmr/m/it/10 ria
 []

)
! Emergency stop.
<*> chapter5.tex
             
*** (job aborted, no legal \end found)



Here is how much of LuaTeX's memory you used:
 69 strings out of 494480
 100000,89155 words of node,token memory allocated 8365 words of node memory still in use:
   36 hlist, 1 disc, 8 local_par, 1 dir, 260 glue, 3 kern, 29 penalty, 940 glyph
, 44 attribute, 35 glue_spec, 44 attribute_list nodes
   avail lists: 2:3,4:104,5:12,7:107,8:1,10:103
 4297 multiletter control sequences out of 65536+600000
 17 fonts using 868839 bytes
 22i,1n,16p,240b,176s stack positions out of 5000i,500n,10000p,200000b,100000s
!  ==> Fatal error occurred, no output PDF file produced!
