\BOOKMARK [1][-]{section.1}{Przygotowanie do obrzędów}{}% 1
\BOOKMARK [2][-]{subsection.1.1}{W zakrystii}{section.1}% 2
\BOOKMARK [2][-]{subsection.1.2}{Na kredensji w kościele}{section.1}% 3
\BOOKMARK [2][-]{subsection.1.3}{Na ołtarzu polowym}{section.1}% 4
\BOOKMARK [2][-]{subsection.1.4}{Na kredensji na dworze}{section.1}% 5
\BOOKMARK [2][-]{subsection.1.5}{Na Sedilli w kościele}{section.1}% 6
\BOOKMARK [2][-]{subsection.1.6}{Po stronie ewangelii}{section.1}% 7
\BOOKMARK [1][-]{section.2}{Poświęcenie palm i procesja}{}% 8
\BOOKMARK [1][-]{section.3}{Msza Święta - ważniejsze zmiany}{}% 9
\BOOKMARK [1][-]{section.4}{Dodatek}{}% 10
\BOOKMARK [2][-]{subsection.4.1}{Losy subdiakona krucyfera}{section.4}% 11
\BOOKMARK [2][-]{subsection.4.2}{Prosecja do Ewangelii - dla zaawansowanych}{section.4}% 12
\BOOKMARK [1][-]{section.1}{Przygotowanie do obrzędów}{}% 13
\BOOKMARK [2][-]{subsection.1.1}{Ołtarz główny}{section.1}% 14
\BOOKMARK [2][-]{subsection.1.2}{Kredencja}{section.1}% 15
\BOOKMARK [2][-]{subsection.1.3}{Zakrystia/kaplica}{section.1}% 16
\BOOKMARK [2][-]{subsection.1.4}{Inne}{section.1}% 17
\BOOKMARK [1][-]{section.2}{Czytania}{}% 18
\BOOKMARK [1][-]{section.3}{Uroczyste modły}{}% 19
\BOOKMARK [1][-]{section.4}{Adoracja Krzyża}{}% 20
\BOOKMARK [1][-]{section.5}{Obrzęd Komunii Św.}{}% 21
\BOOKMARK [1][-]{section.6}{Procesja do Bożego Grobu}{}% 22
\BOOKMARK [1][-]{section.7}{Dodatek}{}% 23
\BOOKMARK [2][-]{subsection.7.1}{Przyjmowanie Komunii Św. - z instrukcji M. Rumina}{section.7}% 24
\BOOKMARK [1][-]{section.8}{Do poprawy}{}% 25
\BOOKMARK [1][-]{section.1}{Przygotowanie do obrzędów}{}% 26
\BOOKMARK [2][-]{subsection.1.1}{Ołtarz główny}{section.1}% 27
\BOOKMARK [1][-]{section.2}{Liturgia światła}{}% 28
\BOOKMARK [1][-]{section.3}{Liturgia słowa}{}% 29
\BOOKMARK [1][-]{section.4}{Liturgia chrzcielna}{}% 30
\BOOKMARK [1][-]{section.5}{Msza Św. i procesja do Bożego Grobu}{}% 31
\BOOKMARK [2][-]{subsection.5.1}{Msza Św.}{section.5}% 32
\BOOKMARK [2][-]{subsection.5.2}{Przy Grobie}{section.5}% 33
