This is LuaTeX, Version 1.0.4 (TeX Live 2017/Debian)  (format=lualatex 2019.4.5)  16 OCT 2019 15:11
 restricted system commands enabled.
**Zasady.tex
(./Zasady.tex
LaTeX2e <2017-04-15>
Lua module: luaotfload-main 2017/01/29 2.80001 OpenType layout system.
Lua module: lualibs 2017-02-01 2.5 ConTeXt Lua standard libraries.
Lua module: lualibs-extended 2017-02-01 2.5 ConTeXt Lua libraries -- extended co
llection.(using write cache: /home/michaszko/.texlive2017/texmf-var/luatex-cache
/generic)(using read cache: /var/lib/texmf/luatex-cache/generic /home/michaszko/
.texlive2017/texmf-var/luatex-cache/generic)
luaotfload | conf : Root cache directory is /home/michaszko/.texlive2017/texmf-v
ar/luatex-cache/generic/names.
luaotfload | init : Loading fontloader “fontloader-2017-02-11.lua” from kpse
-resolved path “/usr/share/texlive/texmf-dist/tex/luatex/luaotfload/fontloader
-2017-02-11.lua”.
Lua-only attribute luaotfload@state = 1
Lua-only attribute luaotfload@noligature = 2
Lua-only attribute luaotfload@syllabe = 3
luaotfload | init : Context OpenType loader version “3.027”
Inserting `luaotfload.node_processor' at position 1 in `pre_linebreak_filter'.
Inserting `luaotfload.node_processor' at position 1 in `hpack_filter'.
Inserting `luaotfload.define_font' at position 1 in `define_font'.
Lua-only attribute luaotfload_color_attribute = 4
luaotfload | conf : Root cache directory is /home/michaszko/.texlive2017/texmf-v
ar/luatex-cache/generic/names.
Inserting `luaotfload.aux.set_sscale_dimens' at position 1 in `luaotfload.patch_
font'.
Inserting `luaotfload.aux.patch_cambria_domh' at position 2 in `luaotfload.patch
_font'.
Inserting `luaotfload.aux.fixup_fontdata' at position 1 in `luaotfload.patch_fon
t_unsafe'.
Inserting `luaotfload.aux.set_capheight' at position 3 in `luaotfload.patch_font
'.
Inserting `luaotfload.rewrite_fontname' at position 4 in `luaotfload.patch_font'
.
luaotfload | main : initialization completed in 0.118 seconds
Babel <3.18> and hyphenation patterns for 1 language(s) loaded.
(/usr/share/texlive/texmf-dist/tex/latex/base/article.cls
Document Class: article 2014/09/29 v1.4h Standard LaTeX document class
(/usr/share/texlive/texmf-dist/tex/latex/base/size10.clo
File: size10.clo 2014/09/29 v1.4h Standard LaTeX file (size option)
luaotfload | db : Font names database loaded from /home/michaszko/.texlive2017/t
exmf-var/luatex-cache/generic/names/luaotfload-names.luc(load luc: /home/michasz
ko/.texlive2017/texmf-var/luatex-cache/generic/fonts/otl/lmroman10-regular.luc))
\c@part=\count79
\c@section=\count80
\c@subsection=\count81
\c@subsubsection=\count82
\c@paragraph=\count83
\c@subparagraph=\count84
\c@figure=\count85
\c@table=\count86
\abovecaptionskip=\skip41
\belowcaptionskip=\skip42
\bibindent=\dimen102
)
\@input{Chapters/preamble.aux}

\openout2 = Chapters/preamble.aux
(./Chapters/preamble.tex
(/usr/share/texlive/texmf-dist/tex/latex/base/inputenc.sty
Package: inputenc 2015/03/17 v1.2c Input encoding file
\inpenc@prehook=\toks14
\inpenc@posthook=\toks15


Package inputenc Warning: inputenc package ignored with utf8 based engines.

) (/usr/share/texlive/texmf-dist/tex/latex/geometry/geometry.sty
Package: geometry 2010/09/12 v5.6 Page Geometry

(/usr/share/texlive/texmf-dist/tex/latex/graphics/keyval.sty
Package: keyval 2014/10/28 v1.15 key=value parser (DPC)
\KV@toks@=\toks16
)
(/usr/share/texlive/texmf-dist/tex/generic/oberdiek/ifpdf.sty
Package: ifpdf 2017/03/15 v3.2 Provides the ifpdf switch
)
(/usr/share/texlive/texmf-dist/tex/generic/oberdiek/ifvtex.sty
Package: ifvtex 2016/05/16 v1.6 Detect VTeX and its facilities (HO)
Package ifvtex Info: VTeX not detected.
)
(/usr/share/texlive/texmf-dist/tex/generic/ifxetex/ifxetex.sty
Package: ifxetex 2010/09/12 v0.6 Provides ifxetex conditional
)
\Gm@cnth=\count87
\Gm@cntv=\count88
\c@Gm@tempcnt=\count89
\Gm@bindingoffset=\dimen103
\Gm@wd@mp=\dimen104
\Gm@odd@mp=\dimen105
\Gm@even@mp=\dimen106
\Gm@layoutwidth=\dimen107
\Gm@layoutheight=\dimen108
\Gm@layouthoffset=\dimen109
\Gm@layoutvoffset=\dimen110
\Gm@dimlist=\toks17
)
(/usr/share/texlive/texmf-dist/tex/latex/graphics/graphicx.sty
Package: graphicx 2017/06/01 v1.1a Enhanced LaTeX Graphics (DPC,SPQR)

(/usr/share/texlive/texmf-dist/tex/latex/graphics/graphics.sty
Package: graphics 2017/06/25 v1.2c Standard LaTeX Graphics (DPC,SPQR)

(/usr/share/texlive/texmf-dist/tex/latex/graphics/trig.sty
Package: trig 2016/01/03 v1.10 sin cos tan (DPC)
)
(/usr/share/texlive/texmf-dist/tex/latex/graphics-cfg/graphics.cfg
File: graphics.cfg 2016/06/04 v1.11 sample graphics configuration
)
Package graphics Info: Driver file: luatex.def on input line 99.

(/usr/share/texlive/texmf-dist/tex/latex/graphics-def/luatex.def
File: luatex.def 2018/01/08 v1.0l Graphics/color driver for luatex
))
\Gin@req@height=\dimen111
\Gin@req@width=\dimen112
)
(/usr/share/texlive/texmf-dist/tex/latex/amsmath/amsmath.sty
Package: amsmath 2017/09/02 v2.17a AMS math features
\@mathmargin=\skip43

For additional information on amsmath, use the `?' option.
(/usr/share/texlive/texmf-dist/tex/latex/amsmath/amstext.sty
Package: amstext 2000/06/29 v2.01 AMS text

(/usr/share/texlive/texmf-dist/tex/latex/amsmath/amsgen.sty
File: amsgen.sty 1999/11/30 v2.0 generic functions
\@emptytoks=\toks18
\ex@=\dimen113
))
(/usr/share/texlive/texmf-dist/tex/latex/amsmath/amsbsy.sty
Package: amsbsy 1999/11/29 v1.2d Bold Symbols
\pmbraise@=\dimen114
)
(/usr/share/texlive/texmf-dist/tex/latex/amsmath/amsopn.sty
Package: amsopn 2016/03/08 v2.02 operator names
)
\inf@bad=\count90
LaTeX Info: Redefining \frac on input line 213.
\uproot@=\count91
\leftroot@=\count92
LaTeX Info: Redefining \overline on input line 375.
\classnum@=\count93
\DOTSCASE@=\count94
LaTeX Info: Redefining \ldots on input line 472.
LaTeX Info: Redefining \dots on input line 475.
LaTeX Info: Redefining \cdots on input line 596.
\Mathstrutbox@=\box26
\strutbox@=\box27
\big@size=\dimen115
LaTeX Font Info:    Redeclaring font encoding OML on input line 712.
LaTeX Font Info:    Redeclaring font encoding OMS on input line 713.
\macc@depth=\count95
\c@MaxMatrixCols=\count96
\dotsspace@=\muskip10
\c@parentequation=\count97
\dspbrk@lvl=\count98
\tag@help=\toks19
\row@=\count99
\column@=\count100
\maxfields@=\count101
\andhelp@=\toks20
\eqnshift@=\dimen116
\alignsep@=\dimen117
\tagshift@=\dimen118
\tagwidth@=\dimen119
\totwidth@=\dimen120
\lineht@=\dimen121
\@envbody=\toks21
\multlinegap=\skip44
\multlinetaggap=\skip45
\mathdisplay@stack=\toks22
LaTeX Info: Redefining \[ on input line 2817.
LaTeX Info: Redefining \] on input line 2818.
)
(/usr/share/texlive/texmf-dist/tex/latex/base/fontenc.sty
Package: fontenc 2017/04/05 v2.0i Standard LaTeX package

(/usr/share/texlive/texmf-dist/tex/latex/base/t1enc.def
File: t1enc.def 2017/04/05 v2.0i Standard LaTeX file
LaTeX Font Info:    Redeclaring font encoding T1 on input line 48.
)
LaTeX Font Info:    Try loading font information for T1+lmr on input line 105.

(/usr/share/texmf/tex/latex/lm/t1lmr.fd
File: t1lmr.fd 2009/10/30 v1.6 Font defs for Latin Modern
))
(/usr/share/texlive/texmf-dist/tex/latex/psnfss/times.sty
Package: times 2005/04/12 PSNFSS-v9.2a (SPQR) 
)
(/usr/share/texlive/texmf-dist/tex/generic/babel/babel.sty
Package: babel 2018/02/14 3.18 The Babel package

(/usr/share/texlive/texmf-dist/tex/generic/babel/switch.def
File: switch.def 2018/02/14 3.18 Babel switching mechanism
)
(/usr/share/texlive/texmf-dist/tex/generic/babel/luababel.def
\l@dumylang=\language2
Package babel Info: Non-standard hyphenation setup on input line 113.
\l@nohyphenation=\language3
\l@ukenglish=\language4
\l@polish=\language5
\l@usenglishmax=\language6
)
(/usr/share/texlive/texmf-dist/tex/generic/babel-polish/polish.ldf
Language: polish 2005/03/31 v1.2l Polish support from the babel system

(/usr/share/texlive/texmf-dist/tex/generic/babel/babel.def
File: babel.def 2018/02/14 3.18 Babel common definitions
\babel@savecnt=\count102
\U@D=\dimen122

(/usr/share/texlive/texmf-dist/tex/generic/babel/luababel.def))
Package babel Info: Making " an active character on input line 83.
\pl@left=\dimen123
\pl@down=\dimen124
\pl@right=\dimen125
\pl@temp=\dimen126

(/usr/share/texlive/texmf-dist/tex/generic/hyph-utf8/loadhyph/loadhyph-pl.tex
UTF-8 Polish hyphenation patterns
(/usr/share/texlive/texmf-dist/tex/generic/hyph-utf8/patterns/tex/hyph-pl.tex)))
) (/usr/share/texlive/texmf-dist/tex/latex/psnfss/pifont.sty
Package: pifont 2005/04/12 PSNFSS-v9.2a Pi font support (SPQR) 
LaTeX Font Info:    Try loading font information for U+pzd on input line 63.

(/usr/share/texlive/texmf-dist/tex/latex/psnfss/upzd.fd
File: upzd.fd 2001/06/04 font definitions for U/pzd.
)
LaTeX Font Info:    Try loading font information for U+psy on input line 64.

(/usr/share/texlive/texmf-dist/tex/latex/psnfss/upsy.fd
File: upsy.fd 2001/06/04 font definitions for U/psy.
))
(/usr/share/texlive/texmf-dist/tex/latex/listings/listings.sty
\lst@mode=\count103
\lst@gtempboxa=\box28
\lst@token=\toks23
\lst@length=\count104
\lst@currlwidth=\dimen127
\lst@column=\count105
\lst@pos=\count106
\lst@lostspace=\dimen128
\lst@width=\dimen129
\lst@newlines=\count107
\lst@lineno=\count108
\lst@maxwidth=\dimen130

(/usr/share/texlive/texmf-dist/tex/latex/listings/lstmisc.sty
File: lstmisc.sty 2015/06/04 1.6 (Carsten Heinz)
\c@lstnumber=\count109
\lst@skipnumbers=\count110
\lst@framebox=\box29
)
(/usr/share/texlive/texmf-dist/tex/latex/listings/listings.cfg
File: listings.cfg 2015/06/04 1.6 listings configuration
))
Package: listings 2015/06/04 1.6 (Carsten Heinz)

(/usr/share/texlive/texmf-dist/tex/latex/graphics/color.sty
Package: color 2016/07/10 v1.1e Standard LaTeX Color (DPC)

(/usr/share/texlive/texmf-dist/tex/latex/graphics-cfg/color.cfg
File: color.cfg 2016/01/02 v1.6 sample color configuration
)
Package color Info: Driver file: luatex.def on input line 147.
)
(/usr/share/texlive/texmf-dist/tex/latex/tools/array.sty
Package: array 2016/10/06 v2.4d Tabular extension package (FMi)
\col@sep=\dimen131
\extrarowheight=\dimen132
\NC@list=\toks24
\extratabsurround=\skip46
\backup@length=\skip47
)
(/usr/share/texlive/texmf-dist/tex/latex/enumitem/enumitem.sty
Package: enumitem 2011/09/28 v3.5.2 Customized lists
\labelindent=\skip48
\enit@outerparindent=\dimen133
\enit@toks=\toks25
\enit@inbox=\box30
\enitdp@description=\count111
)
(/usr/share/texlive/texmf-dist/tex/latex/hyperref/hyperref.sty
Package: hyperref 2018/02/06 v6.86b Hypertext links for LaTeX

(/usr/share/texlive/texmf-dist/tex/generic/oberdiek/hobsub-hyperref.sty
Package: hobsub-hyperref 2016/05/16 v1.14 Bundle oberdiek, subset hyperref (HO)

(/usr/share/texlive/texmf-dist/tex/generic/oberdiek/hobsub-generic.sty
Package: hobsub-generic 2016/05/16 v1.14 Bundle oberdiek, subset generic (HO)
Package: hobsub 2016/05/16 v1.14 Construct package bundles (HO)
Package: infwarerr 2016/05/16 v1.4 Providing info/warning/error messages (HO)
Package: ltxcmds 2016/05/16 v1.23 LaTeX kernel commands for general use (HO)
Package: ifluatex 2016/05/16 v1.4 Provides the ifluatex switch (HO)
Package ifluatex Info: LuaTeX detected.
Package hobsub Info: Skipping package `ifvtex' (already loaded).
Package: intcalc 2016/05/16 v1.2 Expandable calculations with integers (HO)
Package hobsub Info: Skipping package `ifpdf' (already loaded).
Package: etexcmds 2016/05/16 v1.6 Avoid name clashes with e-TeX commands (HO)
Package: kvsetkeys 2016/05/16 v1.17 Key value parser (HO)
Package: kvdefinekeys 2016/05/16 v1.4 Define keys (HO)
Package: luatex-loader 2016/05/16 v0.6 Lua module loader (HO)

(/usr/share/texlive/texmf-dist/scripts/oberdiek/oberdiek.luatex.lua)
Package: pdftexcmds 2018/01/21 v0.26 Utility functions of pdfTeX for LuaTeX (HO)

Package pdftexcmds Info: \pdf@primitive is available.
Package pdftexcmds Info: \pdf@ifprimitive is available.
Package pdftexcmds Info: \pdfdraftmode found.
\pdftexcmds@toks=\toks26
Package: pdfescape 2016/05/16 v1.14 Implements pdfTeX's escape features (HO)
Package: bigintcalc 2016/05/16 v1.4 Expandable calculations on big integers (HO)

Package: bitset 2016/05/16 v1.2 Handle bit-vector datatype (HO)
Package: uniquecounter 2016/05/16 v1.3 Provide unlimited unique counter (HO)
)
Package hobsub Info: Skipping package `hobsub' (already loaded).
Package: letltxmacro 2016/05/16 v1.5 Let assignment for LaTeX macros (HO)
Package: hopatch 2016/05/16 v1.3 Wrapper for package hooks (HO)
Package: xcolor-patch 2016/05/16 xcolor patch
Package: atveryend 2016/05/16 v1.9 Hooks at the very end of document (HO)
Package atveryend Info: \enddocument detected (standard20110627).
Package: atbegshi 2016/06/09 v1.18 At begin shipout hook (HO)
Package: refcount 2016/05/16 v3.5 Data extraction from label references (HO)
Package: hycolor 2016/05/16 v1.8 Color options for hyperref/bookmark (HO)
)
(/usr/share/texlive/texmf-dist/tex/latex/oberdiek/auxhook.sty
Package: auxhook 2016/05/16 v1.4 Hooks for auxiliary files (HO)
)
(/usr/share/texlive/texmf-dist/tex/latex/oberdiek/kvoptions.sty
Package: kvoptions 2016/05/16 v3.12 Key value format for package options (HO)
)
\@linkdim=\dimen134
\Hy@linkcounter=\count112
\Hy@pagecounter=\count113

(/usr/share/texlive/texmf-dist/tex/latex/hyperref/pd1enc.def
File: pd1enc.def 2018/02/06 v6.86b Hyperref: PDFDocEncoding definition (HO)
)
\Hy@SavedSpaceFactor=\count114

(/usr/share/texlive/texmf-dist/tex/latex/latexconfig/hyperref.cfg
File: hyperref.cfg 2002/06/06 v1.2 hyperref configuration of TeXLive
)
Package hyperref Info: Hyper figures OFF on input line 4509.
Package hyperref Info: Link nesting OFF on input line 4514.
Package hyperref Info: Hyper index ON on input line 4517.
Package hyperref Info: Plain pages OFF on input line 4524.
Package hyperref Info: Backreferencing OFF on input line 4529.
Package hyperref Info: Implicit mode ON; LaTeX internals redefined.
Package hyperref Info: Bookmarks ON on input line 4762.
\c@Hy@tempcnt=\count115

(/usr/share/texlive/texmf-dist/tex/latex/url/url.sty
\Urlmuskip=\muskip11
Package: url 2013/09/16  ver 3.4  Verb mode for urls, etc.
)
LaTeX Info: Redefining \url on input line 5115.
\XeTeXLinkMargin=\dimen135
\Fld@menulength=\count116
\Field@Width=\dimen136
\Fld@charsize=\dimen137
Package hyperref Info: Hyper figures OFF on input line 6369.
Package hyperref Info: Link nesting OFF on input line 6374.
Package hyperref Info: Hyper index ON on input line 6377.
Package hyperref Info: backreferencing OFF on input line 6384.
Package hyperref Info: Link coloring OFF on input line 6389.
Package hyperref Info: Link coloring with OCG OFF on input line 6394.
Package hyperref Info: PDF/A mode OFF on input line 6399.
LaTeX Info: Redefining \ref on input line 6439.
LaTeX Info: Redefining \pageref on input line 6443.
\Hy@abspage=\count117
\c@Item=\count118
\c@Hfootnote=\count119
)
Package hyperref Info: Driver (autodetected): hluatex.

(/usr/share/texlive/texmf-dist/tex/latex/hyperref/hluatex.def
File: hluatex.def 2018/02/06 v6.86b Hyperref driver for luaTeX
\Fld@listcount=\count120
\c@bookmark@seq@number=\count121

(/usr/share/texlive/texmf-dist/tex/latex/oberdiek/rerunfilecheck.sty
Package: rerunfilecheck 2016/05/16 v1.8 Rerun checks for auxiliary files (HO)
Package uniquecounter Info: New unique counter `rerunfilecheck' on input line 28
2.
)
\Hy@SectionHShift=\skip49
)
(/usr/share/texlive/texmf-dist/tex/latex/footmisc/footmisc.sty
Package: footmisc 2011/06/06 v5.5b a miscellany of footnote facilities
\FN@temptoken=\toks27
\footnotemargin=\dimen138
\c@pp@next@reset=\count122
Package footmisc Info: Declaring symbol style bringhurst on input line 855.
Package footmisc Info: Declaring symbol style chicago on input line 863.
Package footmisc Info: Declaring symbol style wiley on input line 872.
Package footmisc Info: Declaring symbol style lamport-robust on input line 883.
Package footmisc Info: Declaring symbol style lamport* on input line 903.
Package footmisc Info: Declaring symbol style lamport*-robust on input line 924.

)
(/usr/share/texlive/texmf-dist/tex/latex/sectsty/sectsty.sty
Package: sectsty 2002/02/25 v2.0.2 Commands to change all sectional heading styl
es
)
(/usr/share/texlive/texmf-dist/tex/generic/ulem/ulem.sty
\UL@box=\box31
\UL@hyphenbox=\box32
\UL@skip=\skip50
\UL@hook=\toks28
\UL@height=\dimen139
\UL@pe=\count123
\UL@pixel=\dimen140
\ULC@box=\box33
Package: ulem 2012/05/18
\ULdepth=\dimen141
)
(/usr/share/texlive/texmf-dist/tex/latex/xcolor/xcolor.sty
Package: xcolor 2016/05/11 v2.12 LaTeX color extensions (UK)

(/usr/share/texlive/texmf-dist/tex/latex/graphics-cfg/color.cfg
File: color.cfg 2016/01/02 v1.6 sample color configuration
)
Package xcolor Info: Package option `usenames' ignored on input line 216.
Package xcolor Info: Driver file: luatex.def on input line 225.

(/usr/share/texlive/texmf-dist/tex/latex/colortbl/colortbl.sty
Package: colortbl 2012/02/13 v1.0a Color table columns (DPC)
\everycr=\toks29
\minrowclearance=\skip51
)
LaTeX Info: Redefining \color on input line 709.
\rownum=\count124
Package xcolor Info: Model `cmy' substituted by `cmy0' on input line 1348.
Package xcolor Info: Model `hsb' substituted by `rgb' on input line 1352.
Package xcolor Info: Model `RGB' extended on input line 1364.
Package xcolor Info: Model `HTML' substituted by `rgb' on input line 1366.
Package xcolor Info: Model `Hsb' substituted by `hsb' on input line 1367.
Package xcolor Info: Model `tHsb' substituted by `hsb' on input line 1368.
Package xcolor Info: Model `HSB' substituted by `hsb' on input line 1369.
Package xcolor Info: Model `Gray' substituted by `gray' on input line 1370.
Package xcolor Info: Model `wave' substituted by `hsb' on input line 1371.

(/usr/share/texlive/texmf-dist/tex/latex/graphics/dvipsnam.def
File: dvipsnam.def 2016/06/17 v3.0m Driver-dependent file (DPC,SPQR)
)
(/usr/share/texlive/texmf-dist/tex/latex/xcolor/svgnam.def
File: svgnam.def 2016/05/11 v2.12 Predefined colors according to SVG 1.1 (UK)
))
(/home/michaszko/texmf/tex/latex/libertinus-otf/latex/libertinus-otf.sty
Package: libertinus-otf 2018/07/07 v. 0.09 (Herbert Voss) Supports libertinus fo
nts for all luatex/xetex .

(/usr/share/texlive/texmf-dist/tex/latex/xkeyval/xkeyval.sty
Package: xkeyval 2014/12/03 v2.7a package option processing (HA)

(/usr/share/texlive/texmf-dist/tex/generic/xkeyval/xkeyval.tex
(/usr/share/texlive/texmf-dist/tex/generic/xkeyval/xkvutils.tex
\XKV@toks=\toks30
\XKV@tempa@toks=\toks31
)
\XKV@depth=\count125
File: xkeyval.tex 2014/12/03 v2.7a key=value parser (HA)
))
(/usr/share/texlive/texmf-dist/tex/latex/base/textcomp.sty
Package: textcomp 2017/04/05 v2.0i Standard LaTeX package
Package textcomp Info: Sub-encoding information:
(textcomp)               5 = only ISO-Adobe without \textcurrency
(textcomp)               4 = 5 + \texteuro
(textcomp)               3 = 4 + \textohm
(textcomp)               2 = 3 + \textestimated + \textcurrency
(textcomp)               1 = TS1 - \textcircled - \t
(textcomp)               0 = TS1 (full)
(textcomp)             Font families with sub-encoding setting implement
(textcomp)             only a restricted character set as indicated.
(textcomp)             Family '?' is the default used for unknown fonts.
(textcomp)             See the documentation for details.
Package textcomp Info: Setting ? sub-encoding to TS1/1 on input line 79.

(/usr/share/texlive/texmf-dist/tex/latex/base/ts1enc.def
File: ts1enc.def 2001/06/05 v3.0e (jk/car/fm) Standard LaTeX file
)
LaTeX Info: Redefining \oldstylenums on input line 334.
Package textcomp Info: Setting cmr sub-encoding to TS1/0 on input line 349.
Package textcomp Info: Setting cmss sub-encoding to TS1/0 on input line 350.
Package textcomp Info: Setting cmtt sub-encoding to TS1/0 on input line 351.
Package textcomp Info: Setting cmvtt sub-encoding to TS1/0 on input line 352.
Package textcomp Info: Setting cmbr sub-encoding to TS1/0 on input line 353.
Package textcomp Info: Setting cmtl sub-encoding to TS1/0 on input line 354.
Package textcomp Info: Setting ccr sub-encoding to TS1/0 on input line 355.
Package textcomp Info: Setting ptm sub-encoding to TS1/4 on input line 356.
Package textcomp Info: Setting pcr sub-encoding to TS1/4 on input line 357.
Package textcomp Info: Setting phv sub-encoding to TS1/4 on input line 358.
Package textcomp Info: Setting ppl sub-encoding to TS1/3 on input line 359.
Package textcomp Info: Setting pag sub-encoding to TS1/4 on input line 360.
Package textcomp Info: Setting pbk sub-encoding to TS1/4 on input line 361.
Package textcomp Info: Setting pnc sub-encoding to TS1/4 on input line 362.
Package textcomp Info: Setting pzc sub-encoding to TS1/4 on input line 363.
Package textcomp Info: Setting bch sub-encoding to TS1/4 on input line 364.
Package textcomp Info: Setting put sub-encoding to TS1/5 on input line 365.
Package textcomp Info: Setting uag sub-encoding to TS1/5 on input line 366.
Package textcomp Info: Setting ugq sub-encoding to TS1/5 on input line 367.
Package textcomp Info: Setting ul8 sub-encoding to TS1/4 on input line 368.
Package textcomp Info: Setting ul9 sub-encoding to TS1/4 on input line 369.
Package textcomp Info: Setting augie sub-encoding to TS1/5 on input line 370.
Package textcomp Info: Setting dayrom sub-encoding to TS1/3 on input line 371.
Package textcomp Info: Setting dayroms sub-encoding to TS1/3 on input line 372.
Package textcomp Info: Setting pxr sub-encoding to TS1/0 on input line 373.
Package textcomp Info: Setting pxss sub-encoding to TS1/0 on input line 374.
Package textcomp Info: Setting pxtt sub-encoding to TS1/0 on input line 375.
Package textcomp Info: Setting txr sub-encoding to TS1/0 on input line 376.
Package textcomp Info: Setting txss sub-encoding to TS1/0 on input line 377.
Package textcomp Info: Setting txtt sub-encoding to TS1/0 on input line 378.
Package textcomp Info: Setting lmr sub-encoding to TS1/0 on input line 379.
Package textcomp Info: Setting lmdh sub-encoding to TS1/0 on input line 380.
Package textcomp Info: Setting lmss sub-encoding to TS1/0 on input line 381.
Package textcomp Info: Setting lmssq sub-encoding to TS1/0 on input line 382.
Package textcomp Info: Setting lmvtt sub-encoding to TS1/0 on input line 383.
Package textcomp Info: Setting lmtt sub-encoding to TS1/0 on input line 384.
Package textcomp Info: Setting qhv sub-encoding to TS1/0 on input line 385.
Package textcomp Info: Setting qag sub-encoding to TS1/0 on input line 386.
Package textcomp Info: Setting qbk sub-encoding to TS1/0 on input line 387.
Package textcomp Info: Setting qcr sub-encoding to TS1/0 on input line 388.
Package textcomp Info: Setting qcs sub-encoding to TS1/0 on input line 389.
Package textcomp Info: Setting qpl sub-encoding to TS1/0 on input line 390.
Package textcomp Info: Setting qtm sub-encoding to TS1/0 on input line 391.
Package textcomp Info: Setting qzc sub-encoding to TS1/0 on input line 392.
Package textcomp Info: Setting qhvc sub-encoding to TS1/0 on input line 393.
Package textcomp Info: Setting futs sub-encoding to TS1/4 on input line 394.
Package textcomp Info: Setting futx sub-encoding to TS1/4 on input line 395.
Package textcomp Info: Setting futj sub-encoding to TS1/4 on input line 396.
Package textcomp Info: Setting hlh sub-encoding to TS1/3 on input line 397.
Package textcomp Info: Setting hls sub-encoding to TS1/3 on input line 398.
Package textcomp Info: Setting hlst sub-encoding to TS1/3 on input line 399.
Package textcomp Info: Setting hlct sub-encoding to TS1/5 on input line 400.
Package textcomp Info: Setting hlx sub-encoding to TS1/5 on input line 401.
Package textcomp Info: Setting hlce sub-encoding to TS1/5 on input line 402.
Package textcomp Info: Setting hlcn sub-encoding to TS1/5 on input line 403.
Package textcomp Info: Setting hlcw sub-encoding to TS1/5 on input line 404.
Package textcomp Info: Setting hlcf sub-encoding to TS1/5 on input line 405.
Package textcomp Info: Setting pplx sub-encoding to TS1/3 on input line 406.
Package textcomp Info: Setting pplj sub-encoding to TS1/3 on input line 407.
Package textcomp Info: Setting ptmx sub-encoding to TS1/4 on input line 408.
Package textcomp Info: Setting ptmj sub-encoding to TS1/4 on input line 409.
)
(/usr/share/texlive/texmf-dist/tex/latex/unicode-math/unicode-math.sty
(/usr/share/texlive/texmf-dist/tex/latex/l3kernel/expl3.sty
Package: expl3 2018/02/21 L3 programming layer (loader) 

(/usr/share/texlive/texmf-dist/tex/latex/l3kernel/expl3-code.tex
Package: expl3 2018/02/21 L3 programming layer (code)
\ucharcat@table=\catcodetable5
\c_max_int=\count126
\l_tmpa_int=\count127
\l_tmpb_int=\count128
\g_tmpa_int=\count129
\g_tmpb_int=\count130
\g__intarray_font_int=\count131
\g__prg_map_int=\count132
\c_log_iow=\count133
\l_iow_line_count_int=\count134
\l__iow_line_target_int=\count135
\l__iow_one_indent_int=\count136
\l__iow_indent_int=\count137
\c_zero_dim=\dimen142
\c_max_dim=\dimen143
\l_tmpa_dim=\dimen144
\l_tmpb_dim=\dimen145
\g_tmpa_dim=\dimen146
\g_tmpb_dim=\dimen147
\c_zero_skip=\skip52
\c_max_skip=\skip53
\l_tmpa_skip=\skip54
\l_tmpb_skip=\skip55
\g_tmpa_skip=\skip56
\g_tmpb_skip=\skip57
\c_zero_muskip=\muskip12
\c_max_muskip=\muskip13
\l_tmpa_muskip=\muskip14
\l_tmpb_muskip=\muskip15
\g_tmpa_muskip=\muskip16
\g_tmpb_muskip=\muskip17
\l_keys_choice_int=\count138
\c__fp_leading_shift_int=\count139
\c__fp_middle_shift_int=\count140
\c__fp_trailing_shift_int=\count141
\c__fp_big_leading_shift_int=\count142
\c__fp_big_middle_shift_int=\count143
\c__fp_big_trailing_shift_int=\count144
\c__fp_Bigg_leading_shift_int=\count145
\c__fp_Bigg_middle_shift_int=\count146
\c__fp_Bigg_trailing_shift_int=\count147
\c__fp_rand_size_int=\count148
\c__fp_rand_four_int=\count149
\c__fp_rand_eight_int=\count150
\l__sort_length_int=\count151
\l__sort_min_int=\count152
\l__sort_top_int=\count153
\l__sort_max_int=\count154
\l__sort_true_max_int=\count155
\l__sort_block_int=\count156
\l__sort_begin_int=\count157
\l__sort_end_int=\count158
\l__sort_A_int=\count159
\l__sort_B_int=\count160
\l__sort_C_int=\count161
\l__tl_build_start_index_int=\count162
\l__tl_build_index_int=\count163
\l__tl_analysis_normal_int=\count164
\l__tl_analysis_index_int=\count165
\l__tl_analysis_nesting_int=\count166
\l__tl_analysis_type_int=\count167
\l__regex_internal_a_int=\count168
\l__regex_internal_b_int=\count169
\l__regex_internal_c_int=\count170
\l__regex_balance_int=\count171
\l__regex_group_level_int=\count172
\l__regex_mode_int=\count173
\c__regex_cs_in_class_mode_int=\count174
\c__regex_cs_mode_int=\count175
\l__regex_catcodes_int=\count176
\l__regex_default_catcodes_int=\count177
\c__regex_catcode_L_int=\count178
\c__regex_catcode_O_int=\count179
\c__regex_catcode_A_int=\count180
\c__regex_all_catcodes_int=\count181
\l__regex_show_lines_int=\count182
\l__regex_min_state_int=\count183
\l__regex_max_state_int=\count184
\l__regex_left_state_int=\count185
\l__regex_right_state_int=\count186
\l__regex_capturing_group_int=\count187
\l__regex_min_pos_int=\count188
\l__regex_max_pos_int=\count189
\l__regex_curr_pos_int=\count190
\l__regex_start_pos_int=\count191
\l__regex_success_pos_int=\count192
\l__regex_curr_char_int=\count193
\l__regex_curr_catcode_int=\count194
\l__regex_last_char_int=\count195
\l__regex_case_changed_char_int=\count196
\l__regex_curr_state_int=\count197
\l__regex_step_int=\count198
\l__regex_min_active_int=\count199
\l__regex_max_active_int=\count266
\l__regex_replacement_csnames_int=\count267
\l__regex_match_count_int=\count268
\l__regex_min_submatch_int=\count269
\l__regex_submatch_int=\count270
\l__regex_zeroth_submatch_int=\count271
\g__regex_trace_regex_int=\count272
\c_empty_box=\box34
\l_tmpa_box=\box35
\l_tmpb_box=\box36
\g_tmpa_box=\box37
\g_tmpb_box=\box38
\l__box_top_dim=\dimen148
\l__box_bottom_dim=\dimen149
\l__box_left_dim=\dimen150
\l__box_right_dim=\dimen151
\l__box_top_new_dim=\dimen152
\l__box_bottom_new_dim=\dimen153
\l__box_left_new_dim=\dimen154
\l__box_right_new_dim=\dimen155
\l__box_internal_box=\box39
\l__coffin_internal_box=\box40
\l__coffin_internal_dim=\dimen156
\l__coffin_offset_x_dim=\dimen157
\l__coffin_offset_y_dim=\dimen158
\l__coffin_x_dim=\dimen159
\l__coffin_y_dim=\dimen160
\l__coffin_x_prime_dim=\dimen161
\l__coffin_y_prime_dim=\dimen162
\c_empty_coffin=\box41
\l__coffin_aligned_coffin=\box42
\l__coffin_aligned_internal_coffin=\box43
\l_tmpa_coffin=\box44
\l_tmpb_coffin=\box45
\l__coffin_display_coffin=\box46
\l__coffin_display_coord_coffin=\box47
\l__coffin_display_pole_coffin=\box48
\l__coffin_display_offset_dim=\dimen163
\l__coffin_display_x_dim=\dimen164
\l__coffin_display_y_dim=\dimen165
\l__coffin_bounding_shift_dim=\dimen166
\l__coffin_left_corner_dim=\dimen167
\l__coffin_right_corner_dim=\dimen168
\l__coffin_bottom_corner_dim=\dimen169
\l__coffin_top_corner_dim=\dimen170
\l__coffin_scaled_total_height_dim=\dimen171
\l__coffin_scaled_width_dim=\dimen172
)
(/usr/share/texlive/texmf-dist/tex/latex/l3kernel/l3pdfmode.def
File: l3pdfmode.def 2017/03/18 v L3 Experimental driver: PDF mode
\l__driver_color_stack_int=\count273
\l__driver_tmp_box=\box49
))
Package: unicode-math 2018/02/02 vv0.8l Unicode maths in XeLaTeX and LuaLaTeX

(/usr/share/texlive/texmf-dist/tex/latex/unicode-math/unicode-math-luatex.sty
Package: unicode-math-luatex 2018/02/02 vv0.8l Unicode maths in XeLaTeX and LuaL
aTeX

(/usr/share/texlive/texmf-dist/tex/latex/l3packages/xparse/xparse.sty
Package: xparse 2018/02/21 L3 Experimental document command parser
\l__xparse_current_arg_int=\count274
\g__xparse_grabber_int=\count275
\l__xparse_m_args_int=\count276
\l__xparse_mandatory_args_int=\count277
\l__xparse_v_nesting_int=\count278
)
(/usr/share/texlive/texmf-dist/tex/latex/l3packages/l3keys2e/l3keys2e.sty
Package: l3keys2e 2018/02/21 LaTeX2e option processing using LaTeX3 keys
)
(/home/michaszko/texmf/tex/latex/fontspec/fontspec.sty
Package: fontspec 2017/11/09 v2.6g Font selection for XeLaTeX and LuaLaTeX
Lua module: fontspec 2017/11/09 2.6g Font selection for XeLaTeX and LuaLaTeX
(/home/michaszko/texmf/tex/latex/fontspec/fontspec-luatex.sty
Package: fontspec-luatex 2017/11/09 v2.6g Font selection for XeLaTeX and LuaLaTe
X
\l__fontspec_script_int=\count279
\l__fontspec_language_int=\count280
\l__fontspec_strnum_int=\count281
\l__fontspec_tmp_int=\count282
\l__fontspec_em_int=\count283
\l__fontspec_emdef_int=\count284
\l__fontspec_strong_int=\count285
\l__fontspec_strongdef_int=\count286
\l__fontspec_tmpa_dim=\dimen173
\l__fontspec_tmpb_dim=\dimen174
\l__fontspec_tmpc_dim=\dimen175
\g__file_internal_ior=\read1

(/usr/share/texlive/texmf-dist/tex/latex/base/fontenc.sty
Package: fontenc 2017/04/05 v2.0i Standard LaTeX package

(/usr/share/texlive/texmf-dist/tex/latex/base/tuenc.def
File: tuenc.def 2017/04/05 v2.0i Standard LaTeX file
LaTeX Font Info:    Redeclaring font encoding TU on input line 82.
))
.................................................
. LaTeX info: "xparse/define-command"
. 
. Defining command \fontspec with sig. 'O{}mO{}' on line 545.
.................................................
.................................................
. LaTeX info: "xparse/define-command"
. 
. Defining command \setmainfont with sig. 'O{}mO{}' on line 549.
.................................................
.................................................
. LaTeX info: "xparse/define-command"
. 
. Defining command \setsansfont with sig. 'O{}mO{}' on line 553.
.................................................
.................................................
. LaTeX info: "xparse/define-command"
. 
. Defining command \setmonofont with sig. 'O{}mO{}' on line 557.
.................................................
.................................................
. LaTeX info: "xparse/define-command"
. 
. Defining command \setmathrm with sig. 'O{}mO{}' on line 561.
.................................................
.................................................
. LaTeX info: "xparse/define-command"
. 
. Defining command \setboldmathrm with sig. 'O{}mO{}' on line 565.
.................................................
.................................................
. LaTeX info: "xparse/define-command"
. 
. Defining command \setmathsf with sig. 'O{}mO{}' on line 569.
.................................................
.................................................
. LaTeX info: "xparse/define-command"
. 
. Defining command \setmathtt with sig. 'O{}mO{}' on line 573.
.................................................
.................................................
. LaTeX info: "xparse/define-command"
. 
. Defining command \setromanfont with sig. 'O{}mO{}' on line 577.
.................................................
.................................................
. LaTeX info: "xparse/define-command"
. 
. Defining command \newfontfamily with sig. 'mO{}mO{}' on line 581.
.................................................
.................................................
. LaTeX info: "xparse/define-command"
. 
. Defining command \newfontface with sig. 'mO{}mO{}' on line 585.
.................................................
.................................................
. LaTeX info: "xparse/define-command"
. 
. Defining command \defaultfontfeatures with sig. 't+om' on line 589.
.................................................
.................................................
. LaTeX info: "xparse/define-command"
. 
. Defining command \addfontfeatures with sig. 'm' on line 593.
.................................................
.................................................
. LaTeX info: "xparse/define-command"
. 
. Defining command \addfontfeature with sig. 'm' on line 597.
.................................................
.................................................
. LaTeX info: "xparse/define-command"
. 
. Defining command \newfontfeature with sig. 'mm' on line 601.
.................................................
.................................................
. LaTeX info: "xparse/define-command"
. 
. Defining command \newAATfeature with sig. 'mmmm' on line 605.
.................................................
.................................................
. LaTeX info: "xparse/define-command"
. 
. Defining command \newopentypefeature with sig. 'mmm' on line 609.
.................................................
.................................................
. LaTeX info: "xparse/define-command"
. 
. Defining command \newICUfeature with sig. 'mmm' on line 613.
.................................................
.................................................
. LaTeX info: "xparse/define-command"
. 
. Defining command \aliasfontfeature with sig. 'mm' on line 617.
.................................................
.................................................
. LaTeX info: "xparse/define-command"
. 
. Defining command \aliasfontfeatureoption with sig. 'mmm' on line 621.
.................................................
.................................................
. LaTeX info: "xparse/define-command"
. 
. Defining command \newfontscript with sig. 'mm' on line 625.
.................................................
.................................................
. LaTeX info: "xparse/define-command"
. 
. Defining command \newfontlanguage with sig. 'mm' on line 629.
.................................................
.................................................
. LaTeX info: "xparse/define-command"
. 
. Defining command \DeclareFontsExtensions with sig. 'm' on line 633.
.................................................
.................................................
. LaTeX info: "xparse/define-command"
. 
. Defining command \IfFontFeatureActiveTF with sig. 'mmm' on line 637.
.................................................
.................................................
. LaTeX info: "xparse/define-command"
. 
. Defining command \EncodingCommand with sig. 'mO{}m' on line 3366.
.................................................
.................................................
. LaTeX info: "xparse/define-command"
. 
. Defining command \EncodingAccent with sig. 'mm' on line 3372.
.................................................
.................................................
. LaTeX info: "xparse/define-command"
. 
. Defining command \EncodingSymbol with sig. 'mm' on line 3378.
.................................................
.................................................
. LaTeX info: "xparse/define-command"
. 
. Defining command \EncodingComposite with sig. 'mmm' on line 3384.
.................................................
.................................................
. LaTeX info: "xparse/define-command"
. 
. Defining command \EncodingCompositeCommand with sig. 'mmm' on line 3390.
.................................................
.................................................
. LaTeX info: "xparse/define-command"
. 
. Defining command \DeclareUnicodeEncoding with sig. 'mm' on line 3415.
.................................................
.................................................
. LaTeX info: "xparse/define-command"
. 
. Defining command \UndeclareSymbol with sig. 'm' on line 3421.
.................................................
.................................................
. LaTeX info: "xparse/define-command"
. 
. Defining command \UndeclareAccent with sig. 'm' on line 3427.
.................................................
.................................................
. LaTeX info: "xparse/define-command"
. 
. Defining command \UndeclareCommand with sig. 'm' on line 3433.
.................................................
.................................................
. LaTeX info: "xparse/define-command"
. 
. Defining command \UndeclareComposite with sig. 'mm' on line 3440.
.................................................

(/home/michaszko/texmf/tex/latex/fontspec/fontspec.cfg)
LaTeX Info: Redefining \itshape on input line 3625.
LaTeX Info: Redefining \slshape on input line 3630.
LaTeX Info: Redefining \scshape on input line 3635.
LaTeX Info: Redefining \upshape on input line 3640.
LaTeX Info: Redefining \em on input line 3670.
LaTeX Info: Redefining \emph on input line 3695.
(load luc: /home/michaszko/.texlive2017/texmf-var/luatex-cache/generic/fonts/otl
/lmroman10-bold.luc)(load luc: /home/michaszko/.texlive2017/texmf-var/luatex-cac
he/generic/fonts/otl/lmroman10-italic.luc)
LaTeX Info: Redefining \- on input line 3749.
.................................................
. LaTeX info: "xparse/redefine-command"
. 
. Redefining command \oldstylenums with sig. 'm' on line 3844.
.................................................
.................................................
. LaTeX info: "xparse/define-command"
. 
. Defining command \liningnums with sig. 'm' on line 3848.
.................................................
))
(/usr/share/texlive/texmf-dist/tex/latex/filehook/filehook.sty
Package: filehook 2011/10/12 v0.5d Hooks for input files
)
(/usr/share/texlive/texmf-dist/tex/latex/base/fix-cm.sty
Package: fix-cm 2015/01/14 v1.1t fixes to LaTeX

(/usr/share/texlive/texmf-dist/tex/latex/base/ts1enc.def
File: ts1enc.def 2001/06/05 v3.0e (jk/car/fm) Standard LaTeX file
LaTeX Font Info:    Redeclaring font encoding TS1 on input line 47.
))
(/usr/share/texlive/texmf-dist/tex/lualatex/lualatex-math/lualatex-math.sty
Package: lualatex-math 2017/06/15 v1.7 Patches for mathematics typesetting with 
LuaLaTeX

(/usr/share/texlive/texmf-dist/tex/latex/etoolbox/etoolbox.sty
Package: etoolbox 2018/02/11 v2.5e e-TeX tools for LaTeX (JAW)
\etb@tempcnta=\count287
)
Lua module: lualatex-math 2013/08/03 1.3 Patches for mathematics typesetting wit
h LuaLaTeX
.................................................
. lualatex-math info: "patch-macro"
. 
. I'm going to patch macro \subarray.
.................................................
.................................................
. lualatex-math info: "patch-macro"
. 
. I'm going to patch macro \frac .
.................................................
.................................................
. lualatex-math info: "patch-macro"
. 
. I'm going to patch macro \genfrac .
.................................................
)
\g__um_fam_int=\count288
\g__um_fonts_used_int=\count289
\l__um_primecount_int=\count290
\g__um_primekern_muskip=\muskip18
.................................................
. LaTeX info: "xparse/define-command"
. 
. Defining command \unimathsetup with sig. 'm' on line 277.
.................................................
.................................................
. LaTeX info: "xparse/define-command"
. 
. Defining command \setmathfont with sig. 'O{}mO{}' on line 281.
.................................................
.................................................
. LaTeX info: "xparse/define-command"
. 
. Defining command \setmathfontface with sig. 'mO{}mO{}' on line 285.
.................................................
.................................................
. LaTeX info: "xparse/define-command"
. 
. Defining command \setoperatorfont with sig. 'm' on line 290.
.................................................
.................................................
. LaTeX info: "xparse/define-command"
. 
. Defining command \addnolimits with sig. 'm' on line 295.
.................................................
.................................................
. LaTeX info: "xparse/define-command"
. 
. Defining command \removenolimits with sig. 'm' on line 299.
.................................................

(/usr/share/texlive/texmf-dist/tex/latex/unicode-math/unicode-math-table.tex)
.................................................
. unicode-math info: "patch-macro"
. 
. I'm going to patch macro \plainroot@.
.................................................
.................................................
. unicode-math info: "patch-macro"
. 
. I'm going to patch macro \r@@t.
.................................................
.................................................
. LaTeX info: "xparse/redefine-command"
. 
. Redefining command \not with sig. 'm' on line 3840.
.................................................
.................................................
. LaTeX info: "xparse/define-command"
. 
. Defining command \NewNegationCommand with sig. 'mm' on line 3844.
.................................................
.................................................
. LaTeX info: "xparse/define-command"
. 
. Defining command \RenewNegationCommand with sig. 'mm' on line 3848.
.................................................
))(load luc: /home/michaszko/.texlive2017/texmf-var/luatex-cache/generic/fonts/o
tl/libertinusserif-regular.luc)
\g__fontspec_family_libertinusserif_int=\count291
(load luc: /home/michaszko/.texlive2017/texmf-var/luatex-cache/generic/fonts/otl
/libertinusserif-bold.luc)(load luc: /home/michaszko/.texlive2017/texmf-var/luat
ex-cache/generic/fonts/otl/libertinusserif-italic.luc)(load luc: /home/michaszko
/.texlive2017/texmf-var/luatex-cache/generic/fonts/otl/libertinusserif-bolditali
c.luc)
.................................................
. fontspec info: "defining-font"
. 
. Font family 'libertinusserif(0)' created for font 'libertinusserif' with
. options [Ligatures =
. TeX,SmallCapsFeatures={Letters=SmallCaps,Renderer=Basic},Ligatures=TeX,Numbers

. = {Monospaced,Lining},Scale = 1,UprightFont = *-regular,ItalicFont =
. *-italic,BoldFont = *-bold,BoldItalicFont =
. *-bolditalic,SmallCapsFeatures={Letters=SmallCaps},Extension = .otf].
.  
.  This font family consists of the following NFSS series/shapes:
.  
. - 'normal' (m/n) with NFSS spec.:
. <->s*[1]"[libertinusserif-regular.otf]:mode=node;script=latn;language=DFLT;+tl
ig;+tnum;+lnum;"
. - 'small caps'  (m/sc) with NFSS spec.:
. <->s*[1]"[libertinusserif-regular.otf]:mode=node;script=latn;language=DFLT;+tl
ig;+tnum;+lnum;+smcp;"
. - 'bold' (bx/n) with NFSS spec.:
. <->s*[1]"[libertinusserif-bold.otf]:mode=node;script=latn;language=DFLT;+tlig;
+tnum;+lnum;"
. - 'bold small caps'  (bx/sc) with NFSS spec.:
. <->s*[1]"[libertinusserif-bold.otf]:mode=node;script=latn;language=DFLT;+tlig;
+tnum;+lnum;+smcp;"
. - 'italic' (m/it) with NFSS spec.:
. <->s*[1]"[libertinusserif-italic.otf]:mode=node;script=latn;language=DFLT;+tli
g;+tnum;+lnum;"
. - 'italic small caps'  (m/itsc) with NFSS spec.:
. <->s*[1]"[libertinusserif-italic.otf]:mode=node;script=latn;language=DFLT;+tli
g;+tnum;+lnum;+smcp;"
. - 'bold italic' (bx/it) with NFSS spec.:
. <->s*[1]"[libertinusserif-bolditalic.otf]:mode=node;script=latn;language=DFLT;
+tlig;+tnum;+lnum;"
. - 'bold italic small caps'  (bx/itsc) with NFSS spec.:
. <->s*[1]"[libertinusserif-bolditalic.otf]:mode=node;script=latn;language=DFLT;
+tlig;+tnum;+lnum;+smcp;"
.................................................
LaTeX Info: Redefining \rmfamily on input line 83.
.................................................
. fontspec info: "defining-font"
. 
. Font family 'libertinusserif(1)' created for font 'libertinusserif' with
. options [Ligatures =
. TeX,SmallCapsFeatures={Letters=SmallCaps,Renderer=Basic},Renderer=Basic,Number
s
. = {Monospaced,Lining},Scale = 1,UprightFont = *-regular,ItalicFont =
. *-italic,BoldFont = *-bold,BoldItalicFont =
. *-bolditalic,SmallCapsFeatures={Letters=SmallCaps},Extension = .otf].
.  
.  This font family consists of the following NFSS series/shapes:
.  
. - 'normal' (m/n) with NFSS spec.:
. <->s*[1]"[libertinusserif-regular.otf]:mode=base;script=latn;language=DFLT;+tl
ig;+tnum;+lnum;"
. - 'small caps'  (m/sc) with NFSS spec.:
. <->s*[1]"[libertinusserif-regular.otf]:mode=base;script=latn;language=DFLT;+tl
ig;+tnum;+lnum;+smcp;"
. - 'bold' (bx/n) with NFSS spec.:
. <->s*[1]"[libertinusserif-bold.otf]:mode=base;script=latn;language=DFLT;+tlig;
+tnum;+lnum;"
. - 'bold small caps'  (bx/sc) with NFSS spec.:
. <->s*[1]"[libertinusserif-bold.otf]:mode=base;script=latn;language=DFLT;+tlig;
+tnum;+lnum;+smcp;"
. - 'italic' (m/it) with NFSS spec.:
. <->s*[1]"[libertinusserif-italic.otf]:mode=base;script=latn;language=DFLT;+tli
g;+tnum;+lnum;"
. - 'italic small caps'  (m/itsc) with NFSS spec.:
. <->s*[1]"[libertinusserif-italic.otf]:mode=base;script=latn;language=DFLT;+tli
g;+tnum;+lnum;+smcp;"
. - 'bold italic' (bx/it) with NFSS spec.:
. <->s*[1]"[libertinusserif-bolditalic.otf]:mode=base;script=latn;language=DFLT;
+tlig;+tnum;+lnum;"
. - 'bold italic small caps'  (bx/itsc) with NFSS spec.:
. <->s*[1]"[libertinusserif-bolditalic.otf]:mode=base;script=latn;language=DFLT;
+tlig;+tnum;+lnum;+smcp;"
.................................................
LaTeX Font Info:    Overwriting math alphabet `\mathrm' in version `normal'
(Font)                  OT1/cmr/m/n --> TU/libertinusserif(1)/m/n on input line 
83.
LaTeX Font Info:    Overwriting math alphabet `\mathit' in version `normal'
(Font)                  OT1/cmr/m/it --> TU/libertinusserif(1)/m/it on input lin
e 83.
LaTeX Font Info:    Overwriting math alphabet `\mathbf' in version `normal'
(Font)                  OT1/cmr/bx/n --> TU/libertinusserif(1)/bx/n on input lin
e 83.
LaTeX Font Info:    Font shape `TU/libertinusserif(0)/m/n' will be
(Font)              scaled to size 10.0pt on input line 83.
(load luc: /home/michaszko/.texlive2017/texmf-var/luatex-cache/generic/fonts/otl
/libertinussans-regular.luc)
\g__fontspec_family_libertinussans_int=\count292
(load luc: /home/michaszko/.texlive2017/texmf-var/luatex-cache/generic/fonts/otl
/libertinussans-bold.luc)
luaotfload | aux : font no 36 (nil) does not define feature lnum for script latn
 with language dflt
luaotfload | aux : no font with id 36
*************************************************
* fontspec warning: "icu-feature-not-exist-in-font"
* 
* OpenType feature 'Numbers=Uppercase' (lnum) not available for font
* 'libertinussans-bold' with script 'Latin' and language 'Default'.
*************************************************
luaotfload | aux : font no 36 (nil) does not define feature lnum for script latn
 with language dflt
luaotfload | aux : no font with id 36
*************************************************
* fontspec warning: "icu-feature-not-exist-in-font"
* 
* OpenType feature 'Numbers=Uppercase' (lnum) not available for font
* 'libertinussans-bold' with script 'Latin' and language 'Default'.
*************************************************
(load luc: /home/michaszko/.texlive2017/texmf-var/luatex-cache/generic/fonts/otl
/libertinussans-italic.luc)(load luc: /home/michaszko/.texlive2017/texmf-var/lua
tex-cache/generic/fonts/otl/libertinussans-bolditalic.luc)
.................................................
. fontspec info: "defining-font"
. 
. Font family 'libertinussans(0)' created for font 'libertinussans' with
. options [Ligatures =
. TeX,SmallCapsFeatures={Letters=SmallCaps,Renderer=Basic},Ligatures=TeX,Numbers

. = {Monospaced, Lining},Scale = 1,UprightFont = *-regular,ItalicFont =
. *-italic,BoldFont = *-bold,BoldItalicFont =
. *-bolditalic,SmallCapsFeatures={Letters=SmallCaps},Extension = .otf].
.  
.  This font family consists of the following NFSS series/shapes:
.  
. - 'normal' (m/n) with NFSS spec.:
. <->s*[1]"[libertinussans-regular.otf]:mode=node;script=latn;language=DFLT;+tli
g;+tnum;+lnum;"
. - 'small caps'  (m/sc) with NFSS spec.:
. <->s*[1]"[libertinussans-regular.otf]:mode=node;script=latn;language=DFLT;+tli
g;+tnum;+lnum;+smcp;"
. - 'bold' (bx/n) with NFSS spec.:
. <->s*[1]"[libertinussans-bold.otf]:mode=node;script=latn;language=DFLT;+tlig;+
tnum;"
. - 'bold small caps'  (bx/sc) with NFSS spec.:
. <->s*[1]"[libertinussans-bold.otf]:mode=node;script=latn;language=DFLT;+tlig;+
tnum;+smcp;"
. - 'italic' (m/it) with NFSS spec.:
. <->s*[1]"[libertinussans-italic.otf]:mode=node;script=latn;language=DFLT;+tlig
;+tnum;+lnum;"
. - 'italic small caps'  (m/itsc) with NFSS spec.:
. <->s*[1]"[libertinussans-italic.otf]:mode=node;script=latn;language=DFLT;+tlig
;+tnum;+lnum;+smcp;"
. - 'bold italic' (bx/it) with NFSS spec.:
. <->s*[1]"[libertinussans-bolditalic.otf]:mode=node;script=latn;language=DFLT;+
tlig;+tnum;+lnum;"
. - 'bold italic small caps'  (bx/itsc) with NFSS spec.:
. <->s*[1]"[libertinussans-bolditalic.otf]:mode=node;script=latn;language=DFLT;+
tlig;+tnum;+lnum;+smcp;"
.................................................
LaTeX Info: Redefining \sffamily on input line 93.
luaotfload | aux : font no 36 (nil) does not define feature lnum for script latn
 with language dflt
luaotfload | aux : no font with id 36
*************************************************
* fontspec warning: "icu-feature-not-exist-in-font"
* 
* OpenType feature 'Numbers=Uppercase' (lnum) not available for font
* 'libertinussans-bold' with script 'Latin' and language 'Default'.
*************************************************
luaotfload | aux : font no 36 (nil) does not define feature lnum for script latn
 with language dflt
luaotfload | aux : no font with id 36
*************************************************
* fontspec warning: "icu-feature-not-exist-in-font"
* 
* OpenType feature 'Numbers=Uppercase' (lnum) not available for font
* 'libertinussans-bold' with script 'Latin' and language 'Default'.
*************************************************
.................................................
. fontspec info: "defining-font"
. 
. Font family 'libertinussans(1)' created for font 'libertinussans' with
. options [Ligatures =
. TeX,SmallCapsFeatures={Letters=SmallCaps,Renderer=Basic},Renderer=Basic,Number
s
. = {Monospaced, Lining},Scale = 1,UprightFont = *-regular,ItalicFont =
. *-italic,BoldFont = *-bold,BoldItalicFont =
. *-bolditalic,SmallCapsFeatures={Letters=SmallCaps},Extension = .otf].
.  
.  This font family consists of the following NFSS series/shapes:
.  
. - 'normal' (m/n) with NFSS spec.:
. <->s*[1]"[libertinussans-regular.otf]:mode=base;script=latn;language=DFLT;+tli
g;+tnum;+lnum;"
. - 'small caps'  (m/sc) with NFSS spec.:
. <->s*[1]"[libertinussans-regular.otf]:mode=base;script=latn;language=DFLT;+tli
g;+tnum;+lnum;+smcp;"
. - 'bold' (bx/n) with NFSS spec.:
. <->s*[1]"[libertinussans-bold.otf]:mode=base;script=latn;language=DFLT;+tlig;+
tnum;"
. - 'bold small caps'  (bx/sc) with NFSS spec.:
. <->s*[1]"[libertinussans-bold.otf]:mode=base;script=latn;language=DFLT;+tlig;+
tnum;+smcp;"
. - 'italic' (m/it) with NFSS spec.:
. <->s*[1]"[libertinussans-italic.otf]:mode=base;script=latn;language=DFLT;+tlig
;+tnum;+lnum;"
. - 'italic small caps'  (m/itsc) with NFSS spec.:
. <->s*[1]"[libertinussans-italic.otf]:mode=base;script=latn;language=DFLT;+tlig
;+tnum;+lnum;+smcp;"
. - 'bold italic' (bx/it) with NFSS spec.:
. <->s*[1]"[libertinussans-bolditalic.otf]:mode=base;script=latn;language=DFLT;+
tlig;+tnum;+lnum;"
. - 'bold italic small caps'  (bx/itsc) with NFSS spec.:
. <->s*[1]"[libertinussans-bolditalic.otf]:mode=base;script=latn;language=DFLT;+
tlig;+tnum;+lnum;+smcp;"
.................................................
LaTeX Font Info:    Overwriting math alphabet `\mathsf' in version `normal'
(Font)                  OT1/cmss/m/n --> TU/libertinussans(1)/m/n on input line 
93.
LaTeX Font Info:    Overwriting math alphabet `\mathsf' in version `bold'
(Font)                  OT1/cmss/bx/n --> TU/libertinussans(1)/bx/n on input lin
e 93.
(load luc: /home/michaszko/.texlive2017/texmf-var/luatex-cache/generic/fonts/otl
/libertinusmono-regular.luc)
.................................................
. fontspec info: "set-scale"
. 
. libertinusmono-regular scale = 0.8666658446438533.
.................................................
\g__fontspec_family_libertinusmono_int=\count293
.................................................
. fontspec info: "set-scale"
. 
. libertinusmono-regular scale = 0.8666658446438533.
.................................................
luaotfload | aux : font no 39 (nil) does not define feature smcp for script latn
 with language dflt
luaotfload | aux : no font with id 39(load luc: /home/michaszko/.texlive2017/tex
mf-var/luatex-cache/generic/fonts/otl/libertinusmono-bold.luc)
.................................................
. fontspec info: "set-scale"
. 
. libertinusmono-bold scale = 0.8666658446438533.
.................................................
luaotfload | aux : font no 40 (nil) does not define feature smcp for script latn
 with language dflt
luaotfload | aux : no font with id 40(load luc: /home/michaszko/.texlive2017/tex
mf-var/luatex-cache/generic/fonts/otl/libertinusmono-oblique.luc)
.................................................
. fontspec info: "set-scale"
. 
. libertinusmono-oblique scale = 0.8666658446438533.
.................................................
luaotfload | aux : font no 41 (nil) does not define feature smcp for script latn
 with language dflt
luaotfload | aux : no font with id 41(load luc: /home/michaszko/.texlive2017/tex
mf-var/luatex-cache/generic/fonts/otl/libertinusmono-boldoblique.luc)
.................................................
. fontspec info: "set-scale"
. 
. libertinusmono-boldoblique scale = 0.8666658446438533.
.................................................
luaotfload | aux : font no 42 (nil) does not define feature smcp for script latn
 with language dflt
luaotfload | aux : no font with id 42
.................................................
. fontspec info: "defining-font"
. 
. Font family 'libertinusmono(0)' created for font 'libertinusmono' with
. options [Ligatures =
. TeX,SmallCapsFeatures={Letters=SmallCaps,Renderer=Basic},WordSpace={1,0,0},Hyp
henChar=None,PunctuationSpace=WordSpace,Scale
. = MatchLowercase,FakeStretch = 0.8,UprightFont = *-regular,ItalicFont =
. *-oblique,BoldFont = *-bold,BoldItalicFont = *-boldoblique,Extension =
. .otf].
.  
.  This font family consists of the following NFSS series/shapes:
.  
. - 'normal' (m/n) with NFSS spec.:
. <->s*[0.8666658446438533]"[libertinusmono-regular.otf]:mode=node;script=latn;l
anguage=DFLT;extend=0.8;+tlig;"
. - 'small caps'  (m/sc) with NFSS spec.: 
. and font adjustment code:
. \fontdimen 2\font =1\fontdimen 2\font \fontdimen 3\font =0\fontdimen 3\font
. \fontdimen 4\font =0\fontdimen 4\font \fontdimen 7\font =0\fontdimen 2\font
. \tex_hyphenchar:D \font =-1\scan_stop: 
. - 'bold' (bx/n) with NFSS spec.:
. <->s*[0.8666658446438533]"[libertinusmono-bold.otf]:mode=node;script=latn;lang
uage=DFLT;extend=0.8;+tlig;"
. - 'bold small caps'  (bx/sc) with NFSS spec.: 
. and font adjustment code:
. \fontdimen 2\font =1\fontdimen 2\font \fontdimen 3\font =0\fontdimen 3\font
. \fontdimen 4\font =0\fontdimen 4\font \fontdimen 7\font =0\fontdimen 2\font
. \tex_hyphenchar:D \font =-1\scan_stop: 
. - 'italic' (m/it) with NFSS spec.:
. <->s*[0.8666658446438533]"[libertinusmono-oblique.otf]:mode=node;script=latn;l
anguage=DFLT;extend=0.8;+tlig;"
. - 'italic small caps'  (m/itsc) with NFSS spec.: 
. and font adjustment code:
. \fontdimen 2\font =1\fontdimen 2\font \fontdimen 3\font =0\fontdimen 3\font
. \fontdimen 4\font =0\fontdimen 4\font \fontdimen 7\font =0\fontdimen 2\font
. \tex_hyphenchar:D \font =-1\scan_stop: 
. - 'bold italic' (bx/it) with NFSS spec.:
. <->s*[0.8666658446438533]"[libertinusmono-boldoblique.otf]:mode=node;script=la
tn;language=DFLT;extend=0.8;+tlig;"
. - 'bold italic small caps'  (bx/itsc) with NFSS spec.: 
. and font adjustment code:
. \fontdimen 2\font =1\fontdimen 2\font \fontdimen 3\font =0\fontdimen 3\font
. \fontdimen 4\font =0\fontdimen 4\font \fontdimen 7\font =0\fontdimen 2\font
. \tex_hyphenchar:D \font =-1\scan_stop: 
.................................................
LaTeX Info: Redefining \ttfamily on input line 104.
.................................................
. fontspec info: "set-scale"
. 
. libertinusmono-regular scale = 0.8666658446438533.
.................................................
.................................................
. fontspec info: "set-scale"
. 
. libertinusmono-regular scale = 0.8666658446438533.
.................................................
luaotfload | aux : font no 39 (nil) does not define feature smcp for script latn
 with language dflt
luaotfload | aux : no font with id 39
.................................................
. fontspec info: "set-scale"
. 
. libertinusmono-bold scale = 0.8666658446438533.
.................................................
luaotfload | aux : font no 40 (nil) does not define feature smcp for script latn
 with language dflt
luaotfload | aux : no font with id 40
.................................................
. fontspec info: "set-scale"
. 
. libertinusmono-oblique scale = 0.8666658446438533.
.................................................
luaotfload | aux : font no 41 (nil) does not define feature smcp for script latn
 with language dflt
luaotfload | aux : no font with id 41
.................................................
. fontspec info: "set-scale"
. 
. libertinusmono-boldoblique scale = 0.8666658446438533.
.................................................
luaotfload | aux : font no 42 (nil) does not define feature smcp for script latn
 with language dflt
luaotfload | aux : no font with id 42
.................................................
. fontspec info: "defining-font"
. 
. Font family 'libertinusmono(1)' created for font 'libertinusmono' with
. options [Ligatures =
. TeX,SmallCapsFeatures={Letters=SmallCaps,Renderer=Basic},Renderer=Basic,Scale
. = MatchLowercase,FakeStretch = 0.8,UprightFont = *-regular,ItalicFont =
. *-oblique,BoldFont = *-bold,BoldItalicFont = *-boldoblique,Extension =
. .otf].
.  
.  This font family consists of the following NFSS series/shapes:
.  
. - 'normal' (m/n) with NFSS spec.:
. <->s*[0.8666658446438533]"[libertinusmono-regular.otf]:mode=base;script=latn;l
anguage=DFLT;extend=0.8;+tlig;"
. - 'small caps'  (m/sc) with NFSS spec.: 
. - 'bold' (bx/n) with NFSS spec.:
. <->s*[0.8666658446438533]"[libertinusmono-bold.otf]:mode=base;script=latn;lang
uage=DFLT;extend=0.8;+tlig;"
. - 'bold small caps'  (bx/sc) with NFSS spec.: 
. - 'italic' (m/it) with NFSS spec.:
. <->s*[0.8666658446438533]"[libertinusmono-oblique.otf]:mode=base;script=latn;l
anguage=DFLT;extend=0.8;+tlig;"
. - 'italic small caps'  (m/itsc) with NFSS spec.: 
. - 'bold italic' (bx/it) with NFSS spec.:
. <->s*[0.8666658446438533]"[libertinusmono-boldoblique.otf]:mode=base;script=la
tn;language=DFLT;extend=0.8;+tlig;"
. - 'bold italic small caps'  (bx/itsc) with NFSS spec.: 
.................................................
LaTeX Font Info:    Overwriting math alphabet `\mathtt' in version `normal'
(Font)                  OT1/cmtt/m/n --> TU/libertinusmono(1)/m/n on input line 
104.
LaTeX Font Info:    Overwriting math alphabet `\mathtt' in version `bold'
(Font)                  OT1/cmtt/m/n --> TU/libertinusmono(1)/bx/n on input line
 104.
(load luc: /home/michaszko/.texlive2017/texmf-var/luatex-cache/generic/fonts/otl
/libertinusmath-regular.luc)
\g__fontspec_family_libertinusmath-regular.otf_int=\count294
luaotfload | aux : font no 43 (nil) does not define feature smcp for script math
 with language dflt
luaotfload | aux : no font with id 43
.................................................
. fontspec info: "defining-font"
. 
. Font family 'libertinusmath-regular.otf(0)' created for font
. 'libertinusmath-regular.otf' with options [Ligatures =
. TeX,SmallCapsFeatures={Letters=SmallCaps,Renderer=Basic},Renderer=Basic,BoldIt
alicFont={},ItalicFont={},Script=Math,FontAdjustment={\__um_luatex_copy_fontdime
ns:
. }].
.  
.  This font family consists of the following NFSS series/shapes:
.  
. - 'normal' (m/n) with NFSS spec.:
. <->"[libertinusmath-regular.otf]:mode=base;script=math;language=DFLT;+tlig;"
. - 'small caps'  (m/sc) with NFSS spec.: 
. and font adjustment code:
. \__um_luatex_copy_fontdimens: 
.................................................
luaotfload | aux : font no 43 (nil) does not define feature smcp for script math
 with language dflt
luaotfload | aux : no font with id 43
.................................................
. fontspec info: "defining-font"
. 
. Font family 'libertinusmath-regular.otf(1)' created for font
. 'libertinusmath-regular.otf' with options [Ligatures =
. TeX,SmallCapsFeatures={Letters=SmallCaps,Renderer=Basic},Renderer=Basic,BoldIt
alicFont={},ItalicFont={},Script=Math,SizeFeatures={{Size=8.5-},{Size=6-8.5,Font
=libertinusmath-regular.otf,Style=MathScript},{Size=-6,Font=libertinusmath-regul
ar.otf,Style=MathScriptScript}},FontAdjustment={\__um_luatex_copy_fontdimens:
. }].
.  
.  This font family consists of the following NFSS series/shapes:
.  
. - 'normal' (m/n) with NFSS spec.:
. <8.5->"[libertinusmath-regular.otf]:mode=base;script=math;language=DFLT;+tlig;
"<6-8.5>"[libertinusmath-regular.otf]:mode=base;script=math;language=DFLT;+tlig;
+ssty=0;"<-6>"[libertinusmath-regular.otf]:mode=base;script=math;language=DFLT;+
tlig;+ssty=1;"
. - 'small caps'  (m/sc) with NFSS spec.: 
. and font adjustment code:
. \__um_luatex_copy_fontdimens: 
.................................................
LaTeX Font Info:    Encoding `OT1' has changed to `TU' for symbol font
(Font)              `operators' in the math version `normal' on input line 107.
LaTeX Font Info:    Overwriting symbol font `operators' in version `normal'
(Font)                  OT1/cmr/m/n --> TU/libertinusmath-regular.otf(1)/m/n on 
input line 107.
LaTeX Font Info:    Encoding `OT1' has changed to `TU' for symbol font
(Font)              `operators' in the math version `bold' on input line 107.
LaTeX Font Info:    Overwriting symbol font `operators' in version `bold'
(Font)                  OT1/cmr/bx/n --> TU/libertinusmath-regular.otf(1)/bx/n o
n input line 107.
luaotfload | aux : font no 43 (nil) does not define feature smcp for script math
 with language dflt
luaotfload | aux : no font with id 43
.................................................
. fontspec info: "defining-font"
. 
. Font family 'libertinusmath-regular.otf(2)' created for font
. 'libertinusmath-regular.otf' with options [Ligatures =
. TeX,SmallCapsFeatures={Letters=SmallCaps,Renderer=Basic},Renderer=Basic,BoldIt
alicFont={},ItalicFont={},Script=Math,SizeFeatures={{Size=8.5-},{Size=6-8.5,Font
=libertinusmath-regular.otf,Style=MathScript},{Size=-6,Font=libertinusmath-regul
ar.otf,Style=MathScriptScript}},FontAdjustment={\__um_luatex_copy_fontdimens:
. },Scale=1.00001,FontAdjustment={\fontdimen 8\font =8.0pt\relax \fontdimen
. 9\font =6.0pt\relax \fontdimen 10\font =4.7pt\relax \fontdimen 11\font
. =7.0pt\relax \fontdimen 12\font =5.5pt\relax \fontdimen 13\font
. =3.75pt\relax \fontdimen 14\font =3.75pt\relax \fontdimen 15\font
. =3.09999pt\relax \fontdimen 16\font =2.09999pt\relax \fontdimen 17\font
. =2.09999pt\relax \fontdimen 18\font =2.29999pt\relax \fontdimen 19\font
. =1.59999pt\relax \fontdimen 22\font =2.59999pt\relax \fontdimen 20\font
. =0pt\relax \fontdimen 21\font =0pt\relax }].
.  
.  This font family consists of the following NFSS series/shapes:
.  
. - 'normal' (m/n) with NFSS spec.:
. <8.5->s*[1.00001]"[libertinusmath-regular.otf]:mode=base;script=math;language=
DFLT;+tlig;"<6-8.5>s*[1.00001]"[libertinusmath-regular.otf]:mode=base;script=mat
h;language=DFLT;+tlig;+ssty=0;"<-6>s*[1.00001]"[libertinusmath-regular.otf]:mode
=base;script=math;language=DFLT;+tlig;+ssty=1;"
. - 'small caps'  (m/sc) with NFSS spec.: 
. and font adjustment code:
. \__um_luatex_copy_fontdimens: \fontdimen 8\font =8.0pt\relax \fontdimen
. 9\font =6.0pt\relax \fontdimen 10\font =4.7pt\relax \fontdimen 11\font
. =7.0pt\relax \fontdimen 12\font =5.5pt\relax \fontdimen 13\font
. =3.75pt\relax \fontdimen 14\font =3.75pt\relax \fontdimen 15\font
. =3.09999pt\relax \fontdimen 16\font =2.09999pt\relax \fontdimen 17\font
. =2.09999pt\relax \fontdimen 18\font =2.29999pt\relax \fontdimen 19\font
. =1.59999pt\relax \fontdimen 22\font =2.59999pt\relax \fontdimen 20\font
. =0pt\relax \fontdimen 21\font =0pt\relax 
.................................................
LaTeX Font Info:    Encoding `OMS' has changed to `TU' for symbol font
(Font)              `symbols' in the math version `normal' on input line 107.
LaTeX Font Info:    Overwriting symbol font `symbols' in version `normal'
(Font)                  OMS/cmsy/m/n --> TU/libertinusmath-regular.otf(2)/m/n on
 input line 107.
LaTeX Font Info:    Encoding `OMS' has changed to `TU' for symbol font
(Font)              `symbols' in the math version `bold' on input line 107.
LaTeX Font Info:    Overwriting symbol font `symbols' in version `bold'
(Font)                  OMS/cmsy/b/n --> TU/libertinusmath-regular.otf(2)/bx/n o
n input line 107.
luaotfload | aux : font no 43 (nil) does not define feature smcp for script math
 with language dflt
luaotfload | aux : no font with id 43
.................................................
. fontspec info: "defining-font"
. 
. Font family 'libertinusmath-regular.otf(3)' created for font
. 'libertinusmath-regular.otf' with options [Ligatures =
. TeX,SmallCapsFeatures={Letters=SmallCaps,Renderer=Basic},Renderer=Basic,BoldIt
alicFont={},ItalicFont={},Script=Math,SizeFeatures={{Size=8.5-},{Size=6-8.5,Font
=libertinusmath-regular.otf,Style=MathScript},{Size=-6,Font=libertinusmath-regul
ar.otf,Style=MathScriptScript}},FontAdjustment={\__um_luatex_copy_fontdimens:
. },Scale=0.99999,FontAdjustment={\fontdimen 8\font =0.65pt\relax \fontdimen
. 9\font =1.5pt\relax \fontdimen 10\font =1.5pt\relax \fontdimen 11\font
. =2.5pt\relax \fontdimen 12\font =6.2pt\relax \fontdimen 13\font =0pt\relax
. }].
.  
.  This font family consists of the following NFSS series/shapes:
.  
. - 'normal' (m/n) with NFSS spec.:
. <8.5->s*[0.99999]"[libertinusmath-regular.otf]:mode=base;script=math;language=
DFLT;+tlig;"<6-8.5>s*[0.99999]"[libertinusmath-regular.otf]:mode=base;script=mat
h;language=DFLT;+tlig;+ssty=0;"<-6>s*[0.99999]"[libertinusmath-regular.otf]:mode
=base;script=math;language=DFLT;+tlig;+ssty=1;"
. - 'small caps'  (m/sc) with NFSS spec.: 
. and font adjustment code:
. \__um_luatex_copy_fontdimens: \fontdimen 8\font =0.65pt\relax \fontdimen
. 9\font =1.5pt\relax \fontdimen 10\font =1.5pt\relax \fontdimen 11\font
. =2.5pt\relax \fontdimen 12\font =6.2pt\relax \fontdimen 13\font =0pt\relax 
.................................................
LaTeX Font Info:    Encoding `OMX' has changed to `TU' for symbol font
(Font)              `largesymbols' in the math version `normal' on input line 10
7.
LaTeX Font Info:    Overwriting symbol font `largesymbols' in version `normal'
(Font)                  OMX/cmex/m/n --> TU/libertinusmath-regular.otf(3)/m/n on
 input line 107.
LaTeX Font Info:    Encoding `OMX' has changed to `TU' for symbol font
(Font)              `largesymbols' in the math version `bold' on input line 107.

LaTeX Font Info:    Overwriting symbol font `largesymbols' in version `bold'
(Font)                  OMX/cmex/m/n --> TU/libertinusmath-regular.otf(3)/bx/n o
n input line 107.
LaTeX Font Info:    Font shape `TU/libertinusmath-regular.otf(2)/m/n' will be
(Font)              scaled to size 10.00015pt on input line 107.
LaTeX Font Info:    Font shape `TU/libertinusmath-regular.otf(2)/m/n' will be
(Font)              scaled to size 7.9955pt on input line 107.
LaTeX Font Info:    Font shape `TU/libertinusmath-regular.otf(2)/m/n' will be
(Font)              scaled to size 6.0294pt on input line 107.
LaTeX Font Info:    Font shape `TU/libertinusmath-regular.otf(3)/m/n' will be
(Font)              scaled to size 9.99985pt on input line 107.
LaTeX Font Info:    Font shape `TU/libertinusmath-regular.otf(3)/m/n' will be
(Font)              scaled to size 7.99527pt on input line 107.
LaTeX Font Info:    Font shape `TU/libertinusmath-regular.otf(3)/m/n' will be
(Font)              scaled to size 6.0292pt on input line 107.
LaTeX Font Info:    Redeclaring math version `bold' on input line 108.
(load luc: /home/michaszko/.texlive2017/texmf-var/luatex-cache/generic/fonts/otl
/libertinusmath-bold.luc)
\g__fontspec_family_libertinusmath-bold.otf_int=\count295
luaotfload | aux : font no 56 (nil) does not define feature smcp for script math
 with language dflt
luaotfload | aux : no font with id 56
.................................................
. fontspec info: "defining-font"
. 
. Font family 'libertinusmath-bold.otf(0)' created for font
. 'libertinusmath-bold.otf' with options [Ligatures =
. TeX,SmallCapsFeatures={Letters=SmallCaps,Renderer=Basic},Renderer=Basic,BoldIt
alicFont={},ItalicFont={},Script=Math,FontAdjustment={\__um_luatex_copy_fontdime
ns:
. }].
.  
.  This font family consists of the following NFSS series/shapes:
.  
. - 'normal' (m/n) with NFSS spec.:
. <->"[libertinusmath-bold.otf]:mode=base;script=math;language=DFLT;+tlig;"
. - 'small caps'  (m/sc) with NFSS spec.: 
. and font adjustment code:
. \__um_luatex_copy_fontdimens: 
.................................................
luaotfload | aux : font no 56 (nil) does not define feature smcp for script math
 with language dflt
luaotfload | aux : no font with id 56
.................................................
. fontspec info: "defining-font"
. 
. Font family 'libertinusmath-bold.otf(1)' created for font
. 'libertinusmath-bold.otf' with options [Ligatures =
. TeX,SmallCapsFeatures={Letters=SmallCaps,Renderer=Basic},Renderer=Basic,BoldIt
alicFont={},ItalicFont={},Script=Math,SizeFeatures={{Size=8.997695-},{Size=7.012
35-8.997695,Font=libertinusmath-bold.otf,Style=MathScript},{Size=-7.01235,Font=l
ibertinusmath-bold.otf,Style=MathScriptScript}},FontAdjustment={\__um_luatex_cop
y_fontdimens:
. }].
.  
.  This font family consists of the following NFSS series/shapes:
.  
. - 'normal' (m/n) with NFSS spec.:
. <8.997695->"[libertinusmath-bold.otf]:mode=base;script=math;language=DFLT;+tli
g;"<7.01235-8.997695>"[libertinusmath-bold.otf]:mode=base;script=math;language=D
FLT;+tlig;+ssty=0;"<-7.01235>"[libertinusmath-bold.otf]:mode=base;script=math;la
nguage=DFLT;+tlig;+ssty=1;"
. - 'small caps'  (m/sc) with NFSS spec.: 
. and font adjustment code:
. \__um_luatex_copy_fontdimens: 
.................................................
LaTeX Font Info:    Encoding `OT1' has changed to `TU' for symbol font
(Font)              `operators' in the math version `bold' on input line 108.
LaTeX Font Info:    Overwriting symbol font `operators' in version `bold'
(Font)                  OT1/cmr/m/n --> TU/libertinusmath-bold.otf(1)/m/n on inp
ut line 108.
luaotfload | aux : font no 56 (nil) does not define feature smcp for script math
 with language dflt
luaotfload | aux : no font with id 56
.................................................
. fontspec info: "defining-font"
. 
. Font family 'libertinusmath-bold.otf(2)' created for font
. 'libertinusmath-bold.otf' with options [Ligatures =
. TeX,SmallCapsFeatures={Letters=SmallCaps,Renderer=Basic},Renderer=Basic,BoldIt
alicFont={},ItalicFont={},Script=Math,SizeFeatures={{Size=8.997695-},{Size=7.012
35-8.997695,Font=libertinusmath-bold.otf,Style=MathScript},{Size=-7.01235,Font=l
ibertinusmath-bold.otf,Style=MathScriptScript}},FontAdjustment={\__um_luatex_cop
y_fontdimens:
. },Scale=1.00001,FontAdjustment={\fontdimen 8\font =8.0pt\relax \fontdimen
. 9\font =6.0pt\relax \fontdimen 10\font =4.7pt\relax \fontdimen 11\font
. =7.0pt\relax \fontdimen 12\font =5.5pt\relax \fontdimen 13\font
. =3.75pt\relax \fontdimen 14\font =3.75pt\relax \fontdimen 15\font
. =3.09999pt\relax \fontdimen 16\font =2.09999pt\relax \fontdimen 17\font
. =2.09999pt\relax \fontdimen 18\font =2.29999pt\relax \fontdimen 19\font
. =1.59999pt\relax \fontdimen 22\font =2.9pt\relax \fontdimen 20\font
. =0pt\relax \fontdimen 21\font =0pt\relax }].
.  
.  This font family consists of the following NFSS series/shapes:
.  
. - 'normal' (m/n) with NFSS spec.:
. <8.997695->s*[1.00001]"[libertinusmath-bold.otf]:mode=base;script=math;languag
e=DFLT;+tlig;"<7.01235-8.997695>s*[1.00001]"[libertinusmath-bold.otf]:mode=base;
script=math;language=DFLT;+tlig;+ssty=0;"<-7.01235>s*[1.00001]"[libertinusmath-b
old.otf]:mode=base;script=math;language=DFLT;+tlig;+ssty=1;"
. - 'small caps'  (m/sc) with NFSS spec.: 
. and font adjustment code:
. \__um_luatex_copy_fontdimens: \fontdimen 8\font =8.0pt\relax \fontdimen
. 9\font =6.0pt\relax \fontdimen 10\font =4.7pt\relax \fontdimen 11\font
. =7.0pt\relax \fontdimen 12\font =5.5pt\relax \fontdimen 13\font
. =3.75pt\relax \fontdimen 14\font =3.75pt\relax \fontdimen 15\font
. =3.09999pt\relax \fontdimen 16\font =2.09999pt\relax \fontdimen 17\font
. =2.09999pt\relax \fontdimen 18\font =2.29999pt\relax \fontdimen 19\font
. =1.59999pt\relax \fontdimen 22\font =2.9pt\relax \fontdimen 20\font
. =0pt\relax \fontdimen 21\font =0pt\relax 
.................................................
LaTeX Font Info:    Encoding `OMS' has changed to `TU' for symbol font
(Font)              `symbols' in the math version `bold' on input line 108.
LaTeX Font Info:    Overwriting symbol font `symbols' in version `bold'
(Font)                  OMS/cmsy/m/n --> TU/libertinusmath-bold.otf(2)/m/n on in
put line 108.
luaotfload | aux : font no 56 (nil) does not define feature smcp for script math
 with language dflt
luaotfload | aux : no font with id 56
.................................................
. fontspec info: "defining-font"
. 
. Font family 'libertinusmath-bold.otf(3)' created for font
. 'libertinusmath-bold.otf' with options [Ligatures =
. TeX,SmallCapsFeatures={Letters=SmallCaps,Renderer=Basic},Renderer=Basic,BoldIt
alicFont={},ItalicFont={},Script=Math,SizeFeatures={{Size=8.997695-},{Size=7.012
35-8.997695,Font=libertinusmath-bold.otf,Style=MathScript},{Size=-7.01235,Font=l
ibertinusmath-bold.otf,Style=MathScriptScript}},FontAdjustment={\__um_luatex_cop
y_fontdimens:
. },Scale=0.99999,FontAdjustment={\fontdimen 8\font =0.65pt\relax \fontdimen
. 9\font =1.5pt\relax \fontdimen 10\font =1.5pt\relax \fontdimen 11\font
. =2.5pt\relax \fontdimen 12\font =6.2pt\relax \fontdimen 13\font =0pt\relax
. }].
.  
.  This font family consists of the following NFSS series/shapes:
.  
. - 'normal' (m/n) with NFSS spec.:
. <8.997695->s*[0.99999]"[libertinusmath-bold.otf]:mode=base;script=math;languag
e=DFLT;+tlig;"<7.01235-8.997695>s*[0.99999]"[libertinusmath-bold.otf]:mode=base;
script=math;language=DFLT;+tlig;+ssty=0;"<-7.01235>s*[0.99999]"[libertinusmath-b
old.otf]:mode=base;script=math;language=DFLT;+tlig;+ssty=1;"
. - 'small caps'  (m/sc) with NFSS spec.: 
. and font adjustment code:
. \__um_luatex_copy_fontdimens: \fontdimen 8\font =0.65pt\relax \fontdimen
. 9\font =1.5pt\relax \fontdimen 10\font =1.5pt\relax \fontdimen 11\font
. =2.5pt\relax \fontdimen 12\font =6.2pt\relax \fontdimen 13\font =0pt\relax 
.................................................
LaTeX Font Info:    Encoding `OMX' has changed to `TU' for symbol font
(Font)              `largesymbols' in the math version `bold' on input line 108.

LaTeX Font Info:    Overwriting symbol font `largesymbols' in version `bold'
(Font)                  OMX/cmex/m/n --> TU/libertinusmath-bold.otf(3)/m/n on in
put line 108.
(load luc: /home/michaszko/.texlive2017/texmf-var/luatex-cache/generic/fonts/otl
/libertinuskeyboard-regular.luc)
\g__fontspec_family_libertinuskeyboard-regular.otf_int=\count296
luaotfload | aux : font no 58 (nil) does not define feature smcp for script latn
 with language dflt
luaotfload | aux : no font with id 58
.................................................
. fontspec info: "defining-font"
. 
. Font family 'libertinuskeyboard-regular.otf(0)' created for font
. 'libertinuskeyboard-regular.otf' with options [Ligatures =
. TeX,SmallCapsFeatures={Letters=SmallCaps,Renderer=Basic}].
.  
.  This font family consists of the following NFSS series/shapes:
.  
. - 'normal' (m/n) with NFSS spec.:
. <->"[libertinuskeyboard-regular.otf]:mode=node;script=latn;language=DFLT;+tlig
;"
. - 'small caps'  (m/sc) with NFSS spec.: 
.................................................
(load luc: /home/michaszko/.texlive2017/texmf-var/luatex-cache/generic/fonts/otl
/libertinusserifdisplay-regular.luc)
\g__fontspec_family_libertinusserifdisplay-regular.otf_int=\count297
luaotfload | aux : font no 59 (nil) does not define feature smcp for script latn
 with language dflt
luaotfload | aux : no font with id 59
.................................................
. fontspec info: "defining-font"
. 
. Font family 'libertinusserifdisplay-regular.otf(0)' created for font
. 'libertinusserifdisplay-regular.otf' with options [Ligatures =
. TeX,SmallCapsFeatures={Letters=SmallCaps,Renderer=Basic}].
.  
.  This font family consists of the following NFSS series/shapes:
.  
. - 'normal' (m/n) with NFSS spec.:
. <->"[libertinusserifdisplay-regular.otf]:mode=node;script=latn;language=DFLT;+
tlig;"
. - 'small caps'  (m/sc) with NFSS spec.: 
.................................................
(load luc: /home/michaszko/.texlive2017/texmf-var/luatex-cache/generic/fonts/otl
/libertinusserifinitials-regular.luc)
\g__fontspec_family_libertinusserifinitials-regular.otf_int=\count298
luaotfload | aux : font no 60 (nil) does not define feature smcp for script latn
 with language dflt
luaotfload | aux : no font with id 60
.................................................
. fontspec info: "defining-font"
. 
. Font family 'libertinusserifinitials-regular.otf(0)' created for font
. 'libertinusserifinitials-regular.otf' with options [Ligatures =
. TeX,SmallCapsFeatures={Letters=SmallCaps,Renderer=Basic}].
.  
.  This font family consists of the following NFSS series/shapes:
.  
. - 'normal' (m/n) with NFSS spec.:
. <->"[libertinusserifinitials-regular.otf]:mode=node;script=latn;language=DFLT;
+tlig;"
. - 'small caps'  (m/sc) with NFSS spec.: 
.................................................
)
(/usr/share/texlive/texmf-dist/tex/latex/caption/caption.sty
Package: caption 2016/02/21 v3.3-144 Customizing captions (AR)

(/usr/share/texlive/texmf-dist/tex/latex/caption/caption3.sty
Package: caption3 2016/05/22 v1.7-166 caption3 kernel (AR)
Package caption3 Info: TeX engine: e-TeX on input line 67.
\captionmargin=\dimen176
\captionmargin@=\dimen177
\captionwidth=\dimen178
\caption@tempdima=\dimen179
\caption@indent=\dimen180
\caption@parindent=\dimen181
\caption@hangindent=\dimen182
)
\c@ContinuedFloat=\count299
Package caption Info: hyperref package is loaded.
Package caption Info: listings package is loaded.
)
(/usr/share/texlive/texmf-dist/tex/latex/caption/subcaption.sty
Package: subcaption 2016/05/22 v1.1-161 Sub-captions (AR)
\c@subfigure=\count300
\c@subtable=\count301
)
\imagebox=\box50
) (./Zasady.aux (./Chapters/title_page.aux))
\openout1 = Zasady.aux

LaTeX Font Info:    Checking defaults for OML/cmm/m/it on input line 5.
LaTeX Font Info:    ... okay on input line 5.
LaTeX Font Info:    Checking defaults for T1/cmr/m/n on input line 5.
LaTeX Font Info:    ... okay on input line 5.
LaTeX Font Info:    Checking defaults for OT1/cmr/m/n on input line 5.
LaTeX Font Info:    ... okay on input line 5.
LaTeX Font Info:    Checking defaults for OMS/cmsy/m/n on input line 5.
LaTeX Font Info:    ... okay on input line 5.
LaTeX Font Info:    Checking defaults for TU/lmr/m/n on input line 5.
LaTeX Font Info:    ... okay on input line 5.
LaTeX Font Info:    Checking defaults for OMX/cmex/m/n on input line 5.
LaTeX Font Info:    ... okay on input line 5.
LaTeX Font Info:    Checking defaults for U/cmr/m/n on input line 5.
LaTeX Font Info:    ... okay on input line 5.
LaTeX Font Info:    Checking defaults for PD1/pdf/m/n on input line 5.
LaTeX Font Info:    ... okay on input line 5.
LaTeX Font Info:    Checking defaults for TS1/cmr/m/n on input line 5.
LaTeX Font Info:    ... okay on input line 5.

*geometry* driver: auto-detecting
*geometry* detected driver: pdftex
*geometry* verbose mode - [ preamble ] result:
* driver: pdftex
* paper: a4paper
* layout: <same size as paper>
* layoutoffset:(h,v)=(0.0pt,0.0pt)
* modes: 
* h-part:(L,W,R)=(56.9055pt, 483.69687pt, 56.9055pt)
* v-part:(T,H,B)=(56.9055pt, 731.23584pt, 56.9055pt)
* \paperwidth=597.50787pt
* \paperheight=845.04684pt
* \textwidth=483.69687pt
* \textheight=731.23584pt
* \oddsidemargin=-15.36449pt
* \evensidemargin=-15.36449pt
* \topmargin=-52.36449pt
* \headheight=12.0pt
* \headsep=25.0pt
* \topskip=10.0pt
* \footskip=30.0pt
* \marginparwidth=57.0pt
* \marginparsep=11.0pt
* \columnsep=10.0pt
* \skip\footins=9.0pt plus 4.0pt minus 2.0pt
* \hoffset=0.0pt
* \voffset=0.0pt
* \mag=1000
* \@twocolumnfalse
* \@twosidefalse
* \@mparswitchfalse
* \@reversemarginfalse
* (1in=72.27pt=25.4mm, 1cm=28.453pt)

(/usr/share/texlive/texmf-dist/tex/context/base/mkii/supp-pdf.mkii
[Loading MPS to PDF converter (version 2006.09.02).]
\scratchcounter=\count302
\scratchdimen=\dimen183
\scratchbox=\box51
\nofMPsegments=\count303
\nofMParguments=\count304
\everyMPshowfont=\toks32
\MPscratchCnt=\count305
\MPscratchDim=\dimen184
\MPnumerator=\count306
\makeMPintoPDFobject=\count307
\everyMPtoPDFconversion=\toks33
) (/usr/share/texlive/texmf-dist/tex/latex/oberdiek/epstopdf-base.sty
Package: epstopdf-base 2016/05/15 v2.6 Base part for package epstopdf

(/usr/share/texlive/texmf-dist/tex/latex/oberdiek/grfext.sty
Package: grfext 2016/05/16 v1.2 Manage graphics extensions (HO)
)
Package epstopdf-base Info: Redefining graphics rule for `.eps' on input line 43
8.
Package grfext Info: Graphics extension search list:
(grfext)             [.pdf,.png,.jpg,.mps,.jpeg,.jbig2,.jb2,.PDF,.PNG,.JPG,.JPEG
,.JBIG2,.JB2,.eps]
(grfext)             \AppendGraphicsExtensions on input line 456.

(/usr/share/texlive/texmf-dist/tex/latex/latexconfig/epstopdf-sys.cfg
File: epstopdf-sys.cfg 2010/07/13 v1.3 Configuration of (r)epstopdf for TeX Live

))
\c@lstlisting=\count308
\AtBeginShipoutBox=\box52
Package hyperref Info: Link coloring OFF on input line 5.

(/usr/share/texlive/texmf-dist/tex/latex/hyperref/nameref.sty
Package: nameref 2016/05/21 v2.44 Cross-referencing by name of section

(/usr/share/texlive/texmf-dist/tex/generic/oberdiek/gettitlestring.sty
Package: gettitlestring 2016/05/16 v1.5 Cleanup title references (HO)
)
\c@section@level=\count309
)
LaTeX Info: Redefining \ref on input line 5.
LaTeX Info: Redefining \pageref on input line 5.
LaTeX Info: Redefining \nameref on input line 5.

(./Zasady.out) (./Zasady.out)
\@outlinefile=\write3

\openout3 = Zasady.out
Package caption Info: Begin \AtBeginDocument code.
Package caption Info: End \AtBeginDocument code.

\openout2 = Chapters/title_page.aux
 (./Chapters/title_page.tex
LaTeX Font Info:    Font shape `TU/libertinusserif(0)/bx/n' will be
(Font)              scaled to size 10.0pt on input line 8.
LaTeX Font Info:    Font shape `TU/libertinusserif(0)/bx/sc' will be
(Font)              scaled to size 10.0pt on input line 8.
LaTeX Font Info:    Font shape `TU/libertinusserif(0)/bx/sc' will be
(Font)              scaled to size 24.88pt on input line 8.
LaTeX Font Info:    Font shape `TU/libertinusserif(0)/bx/sc' will be
(Font)              scaled to size 12.0pt on input line 8.
LaTeX Font Info:    Font shape `TU/libertinusserif(0)/m/n' will be
(Font)              scaled to size 12.0pt on input line 16.
LaTeX Font Info:    Font shape `TU/libertinusserif(0)/bx/n' will be
(Font)              scaled to size 12.0pt on input line 16.
LaTeX Font Info:    Font shape `TU/libertinusmath-regular.otf(2)/m/n' will be
(Font)              scaled to size 12.00018pt on input line 22.
LaTeX Font Info:    Font shape `TU/libertinusmath-regular.otf(2)/m/n' will be
(Font)              scaled to size 8.00012pt on input line 22.
LaTeX Font Info:    Font shape `TU/libertinusmath-regular.otf(2)/m/n' will be
(Font)              scaled to size 6.00009pt on input line 22.
LaTeX Font Info:    Font shape `TU/libertinusmath-regular.otf(3)/m/n' will be
(Font)              scaled to size 11.99982pt on input line 22.
LaTeX Font Info:    Font shape `TU/libertinusmath-regular.otf(3)/m/n' will be
(Font)              scaled to size 7.99988pt on input line 22.
LaTeX Font Info:    Font shape `TU/libertinusmath-regular.otf(3)/m/n' will be
(Font)              scaled to size 5.99991pt on input line 22.
LaTeX Font Info:    Font shape `TU/libertinusserif(0)/m/n' will be
(Font)              scaled to size 8.0pt on input line 37.
LaTeX Font Info:    Font shape `TU/libertinusmono(0)/m/n' will be
(Font)              scaled to size 6.93335pt on input line 37.
) [1




{/var/lib/texmf/fonts/map/pdftex/updmap/pdftex.map}] (./Chapters/chapter1.tex
LaTeX Font Info:    Font shape `TU/libertinusserif(0)/m/n' will be
(Font)              scaled to size 14.4pt on input line 3.
LaTeX Font Info:    Font shape `TU/libertinusserif(0)/bx/n' will be
(Font)              scaled to size 14.4pt on input line 3.
LaTeX Font Info:    Font shape `TU/libertinusserif(0)/bx/sc' will be
(Font)              scaled to size 14.4pt on input line 3.
LaTeX Font Info:    Font shape `TU/libertinusserif(0)/bx/it' will be
(Font)              scaled to size 10.0pt on input line 12.
)
(./Chapters/chapter2.tex
LaTeX Font Info:    Font shape `TU/libertinusserif(0)/m/it' will be
(Font)              scaled to size 10.0pt on input line 27.
 [2

]) (./Chapters/chapter3.tex [3])
(./Chapters/chapter4.tex
Underfull \hbox (badness 10000) in paragraph at lines 3--4

 []

[4]
<Figures/wyjscie.pdf, id=81, 239.00291pt x 304.90913pt>
File: Figures/wyjscie.pdf Graphic file (type pdf)
<use Figures/wyjscie.pdf>
Package luatex.def Info: Figures/wyjscie.pdf  used on input line 17.
(luatex.def)             Requested size: 140.26883pt x 178.95036pt.
<Figures/wejscie_1.pdf, id=82, 239.00291pt x 265.56215pt>
File: Figures/wejscie_1.pdf Graphic file (type pdf)
<use Figures/wejscie_1.pdf>
Package luatex.def Info: Figures/wejscie_1.pdf  used on input line 23.
(luatex.def)             Requested size: 193.47578pt x 214.97449pt.
LaTeX Font Info:    Font shape `TU/libertinusserif(0)/m/n' will be
(Font)              scaled to size 9.0pt on input line 26.
LaTeX Font Info:    Font shape `TU/libertinusserif(0)/bx/n' will be
(Font)              scaled to size 9.0pt on input line 26.
<Figures/wejscie_2.pdf, id=83, 322.60524pt x 186.09525pt>
File: Figures/wejscie_2.pdf Graphic file (type pdf)
<use Figures/wejscie_2.pdf>
Package luatex.def Info: Figures/wejscie_2.pdf  used on input line 31.
(luatex.def)             Requested size: 241.84843pt x 139.51428pt.

Overfull \hbox (20.0pt too wide) in paragraph at lines 24--35
[][] [] 
 []

[5<./Figures/wyjscie.pdf><./Figures/wejscie_1.pdf><./Figures/wejscie_2.pdf>]
<Figures/wyjscie_2.pdf, id=131, 239.44456pt x 236.0318pt>
File: Figures/wyjscie_2.pdf Graphic file (type pdf)
<use Figures/wyjscie_2.pdf>
Package luatex.def Info: Figures/wyjscie_2.pdf  used on input line 41.
(luatex.def)             Requested size: 193.47578pt x 190.72011pt.
<Figures/wyjscie_1.pdf, id=132, 320.41708pt x 216.73973pt>
File: Figures/wyjscie_1.pdf Graphic file (type pdf)
<use Figures/wyjscie_1.pdf>
Package luatex.def Info: Figures/wyjscie_1.pdf  used on input line 44.
(luatex.def)             Requested size: 241.84843pt x 163.59615pt.

Overfull \hbox (20.0pt too wide) in paragraph at lines 42--53
[][] [] 
 []

) (./Chapters/chapter5.tex
LaTeX Font Info:    Font shape `TU/libertinusserif(0)/bx/itsc' will be
(Font)              scaled to size 14.4pt on input line 1.
<Figures/komunia_1.pdf, id=133, 392.64691pt x 335.74432pt>
File: Figures/komunia_1.pdf Graphic file (type pdf)
<use Figures/komunia_1.pdf>
Package luatex.def Info: Figures/komunia_1.pdf  used on input line 19.
(luatex.def)             Requested size: 241.84843pt x 206.80171pt.


LaTeX Warning: `h' float specifier changed to `ht'.

<Figures/komunia_2.pdf, id=134, 392.64691pt x 233.31165pt>
File: Figures/komunia_2.pdf Graphic file (type pdf)
<use Figures/komunia_2.pdf>
Package luatex.def Info: Figures/komunia_2.pdf  used on input line 28.
(luatex.def)             Requested size: 241.84843pt x 143.7083pt.

LaTeX Warning: `h' float specifier changed to `ht'.

<Figures/komunia_3.pdf, id=135, 498.97415pt x 311.86514pt>
File: Figures/komunia_3.pdf Graphic file (type pdf)
<use Figures/komunia_3.pdf>
Package luatex.def Info: Figures/komunia_3.pdf  used on input line 37.
(luatex.def)             Requested size: 241.84843pt x 151.15924pt.

LaTeX Warning: `h' float specifier changed to `ht'.

[6<./Figures/wyjscie_1.pdf><./Figures/wyjscie_2.pdf>] [7<./Figures/komunia_1.pdf
><./Figures/komunia_2.pdf><./Figures/komunia_3.pdf>]
<Figures/komunia_3_uro.pdf, id=212, 498.97415pt x 311.86514pt>
File: Figures/komunia_3_uro.pdf Graphic file (type pdf)
<use Figures/komunia_3_uro.pdf>
Package luatex.def Info: Figures/komunia_3_uro.pdf  used on input line 67.
(luatex.def)             Requested size: 241.84843pt x 151.15924pt.
<Figures/komunia_3_uro_diak.pdf, id=213, 498.97415pt x 311.86514pt>
File: Figures/komunia_3_uro_diak.pdf Graphic file (type pdf)
<use Figures/komunia_3_uro_diak.pdf>
Package luatex.def Info: Figures/komunia_3_uro_diak.pdf  used on input line 79.
(luatex.def)             Requested size: 241.84843pt x 151.15924pt.
<Figures/komunia_1_uro_bez.pdf, id=214, 392.64691pt x 369.88188pt>
File: Figures/komunia_1_uro_bez.pdf Graphic file (type pdf)
<use Figures/komunia_1_uro_bez.pdf>
Package luatex.def Info: Figures/komunia_1_uro_bez.pdf  used on input line 91.
(luatex.def)             Requested size: 241.84843pt x 227.82874pt.
<Figures/komunia_3_uro_diak_bez.pdf, id=215, 498.97415pt x 311.86514pt>
File: Figures/komunia_3_uro_diak_bez.pdf Graphic file (type pdf)
<use Figures/komunia_3_uro_diak_bez.pdf>
Package luatex.def Info: Figures/komunia_3_uro_diak_bez.pdf  used on input line 
98.
(luatex.def)             Requested size: 241.84843pt x 151.15924pt.
 [8

<./Figures/komunia_3_uro.pdf>] [9<./Figures/komunia_3_uro_diak.pdf><./Figures/ko
munia_1_uro_bez.pdf><./Figures/komunia_3_uro_diak_bez.pdf>]) (./Chapters/chapte
r6.tex
Underfull \hbox (badness 10000) in paragraph at lines 3--4

 []


Underfull \hbox (badness 10000) in paragraph at lines 5--6

 []

) [10

]
Package atveryend Info: Empty hook `BeforeClearDocument' on input line 23.
Package atveryend Info: Empty hook `AfterLastShipout' on input line 23.
 (./Zasady.aux (./Chapters/title_page.aux))
Package atveryend Info: Executing hook `AtVeryEndDocument' on input line 23.
Package atveryend Info: Executing hook `AtEndAfterFileList' on input line 23.
Package rerunfilecheck Info: File `Zasady.out' has not changed.
(rerunfilecheck)             Checksum: 15DDC24FAD6DF8D588A36CBB2CF459C9;904.
Package atveryend Info: Empty hook `AtVeryVeryEnd' on input line 23.
)

Here is how much of LuaTeX's memory you used:
 27004 strings out of 494480
 100000,794899 words of node,token memory allocated
 521 words of node memory still in use:
   7 hlist, 2 vlist, 2 rule, 5 glue, 1 kern, 8 attribute, 57 glue_spec, 8 attrib
ute_list, 1 write nodes
   avail lists: 2:600,3:172,4:68,5:299,6:3780,7:916,8:40,9:166,10:10,11:524
 29661 multiletter control sequences out of 65536+600000
 89 fonts using 30117119 bytes
 61i,9n,121p,1134b,680s stack positions out of 5000i,500n,10000p,200000b,100000s
</home/michaszko/.local/share/fonts/libertinusserif-italic.otf></home/michaszko/
.local/share/fonts/libertinusserif-bolditalic.otf></home/michaszko/.local/share/
fonts/libertinusmono-regular.otf></home/michaszko/.local/share/fonts/libertinuss
erif-regular.otf></home/michaszko/.local/share/fonts/libertinusmath-regular.otf>
</home/michaszko/.local/share/fonts/libertinusserif-bold.otf></usr/share/texlive
/texmf-dist/fonts/type1/urw/zapfding/uzdr.pfb>
Output written on Zasady.pdf (10 pages, 129322 bytes).

PDF statistics: 332 PDF objects out of 1000 (max. 8388607)
 252 compressed objects within 3 object streams
 33 named destinations out of 1000 (max. 131072)
 97 words of extra memory for PDF output out of 10000 (max. 100000000)

